<?xml version="1.0" encoding="UTF-8"?>
<testsuite name="com.example.messagingrabbitmq.MessagingRabbitmqApplicationTest" tests="1" skipped="0" failures="0" errors="0" timestamp="2022-06-14T09:22:04" hostname="nuntapongs-Air" time="0.185">
  <properties/>
  <testcase name="test()" classname="com.example.messagingrabbitmq.MessagingRabbitmqApplicationTest" time="0.185"/>
  <system-out><![CDATA[16:21:56.798 [Test worker] DEBUG org.springframework.test.context.BootstrapUtils - Instantiating CacheAwareContextLoaderDelegate from class [org.springframework.test.context.cache.DefaultCacheAwareContextLoaderDelegate]
16:21:56.808 [Test worker] DEBUG org.springframework.test.context.BootstrapUtils - Instantiating BootstrapContext using constructor [public org.springframework.test.context.support.DefaultBootstrapContext(java.lang.Class,org.springframework.test.context.CacheAwareContextLoaderDelegate)]
16:21:56.850 [Test worker] DEBUG org.springframework.test.context.BootstrapUtils - Instantiating TestContextBootstrapper for test class [com.example.messagingrabbitmq.MessagingRabbitmqApplicationTest] from class [org.springframework.boot.test.context.SpringBootTestContextBootstrapper]
16:21:56.862 [Test worker] INFO org.springframework.boot.test.context.SpringBootTestContextBootstrapper - Neither @ContextConfiguration nor @ContextHierarchy found for test class [com.example.messagingrabbitmq.MessagingRabbitmqApplicationTest], using SpringBootContextLoader
16:21:56.866 [Test worker] DEBUG org.springframework.test.context.support.AbstractContextLoader - Did not detect default resource location for test class [com.example.messagingrabbitmq.MessagingRabbitmqApplicationTest]: class path resource [com/example/messagingrabbitmq/MessagingRabbitmqApplicationTest-context.xml] does not exist
16:21:56.868 [Test worker] DEBUG org.springframework.test.context.support.AbstractContextLoader - Did not detect default resource location for test class [com.example.messagingrabbitmq.MessagingRabbitmqApplicationTest]: class path resource [com/example/messagingrabbitmq/MessagingRabbitmqApplicationTestContext.groovy] does not exist
16:21:56.890 [Test worker] INFO org.springframework.test.context.support.AbstractContextLoader - Could not detect default resource locations for test class [com.example.messagingrabbitmq.MessagingRabbitmqApplicationTest]: no resource found for suffixes {-context.xml, Context.groovy}.
16:21:56.906 [Test worker] INFO org.springframework.test.context.support.AnnotationConfigContextLoaderUtils - Could not detect default configuration classes for test class [com.example.messagingrabbitmq.MessagingRabbitmqApplicationTest]: MessagingRabbitmqApplicationTest does not declare any static, non-private, non-final, nested classes annotated with @Configuration.
16:21:57.003 [Test worker] DEBUG org.springframework.test.context.support.ActiveProfilesUtils - Could not find an 'annotation declaring class' for annotation type [org.springframework.test.context.ActiveProfiles] and class [com.example.messagingrabbitmq.MessagingRabbitmqApplicationTest]
16:21:57.093 [Test worker] DEBUG org.springframework.context.annotation.ClassPathScanningCandidateComponentProvider - Identified candidate component class: file [/Users/nuntapongsiripanyawong/workspace/springboot/backup/complete/build/classes/java/main/com/example/messagingrabbitmq/MessagingRabbitmqApplication.class]
16:21:57.097 [Test worker] INFO org.springframework.boot.test.context.SpringBootTestContextBootstrapper - Found @SpringBootConfiguration com.example.messagingrabbitmq.MessagingRabbitmqApplication for test class com.example.messagingrabbitmq.MessagingRabbitmqApplicationTest
16:21:57.205 [Test worker] DEBUG org.springframework.boot.test.context.SpringBootTestContextBootstrapper - @TestExecutionListeners is not present for class [com.example.messagingrabbitmq.MessagingRabbitmqApplicationTest]: using defaults.
16:21:57.205 [Test worker] INFO org.springframework.boot.test.context.SpringBootTestContextBootstrapper - Loaded default TestExecutionListener class names from location [META-INF/spring.factories]: [org.springframework.boot.test.autoconfigure.restdocs.RestDocsTestExecutionListener, org.springframework.boot.test.autoconfigure.web.client.MockRestServiceServerResetTestExecutionListener, org.springframework.boot.test.autoconfigure.web.servlet.MockMvcPrintOnlyOnFailureTestExecutionListener, org.springframework.boot.test.autoconfigure.web.servlet.WebDriverTestExecutionListener, org.springframework.boot.test.autoconfigure.webservices.client.MockWebServiceServerTestExecutionListener, org.springframework.boot.test.mock.mockito.MockitoTestExecutionListener, org.springframework.boot.test.mock.mockito.ResetMocksTestExecutionListener, org.springframework.test.context.web.ServletTestExecutionListener, org.springframework.test.context.support.DirtiesContextBeforeModesTestExecutionListener, org.springframework.test.context.event.ApplicationEventsTestExecutionListener, org.springframework.test.context.support.DependencyInjectionTestExecutionListener, org.springframework.test.context.support.DirtiesContextTestExecutionListener, org.springframework.test.context.transaction.TransactionalTestExecutionListener, org.springframework.test.context.jdbc.SqlScriptsTestExecutionListener, org.springframework.test.context.event.EventPublishingTestExecutionListener]
16:21:57.213 [Test worker] DEBUG org.springframework.boot.test.context.SpringBootTestContextBootstrapper - Skipping candidate TestExecutionListener [org.springframework.test.context.web.ServletTestExecutionListener] due to a missing dependency. Specify custom listener classes or make the default listener classes and their required dependencies available. Offending class: [javax/servlet/ServletContext]
16:21:57.220 [Test worker] INFO org.springframework.boot.test.context.SpringBootTestContextBootstrapper - Using TestExecutionListeners: [org.springframework.test.context.support.DirtiesContextBeforeModesTestExecutionListener@3780e28b, org.springframework.test.context.event.ApplicationEventsTestExecutionListener@5fc639f1, org.springframework.boot.test.mock.mockito.MockitoTestExecutionListener@5e95ba28, org.springframework.boot.test.autoconfigure.SpringBootDependencyInjectionTestExecutionListener@c67ad0c, org.springframework.test.context.support.DirtiesContextTestExecutionListener@3cc392b1, org.springframework.test.context.transaction.TransactionalTestExecutionListener@52a43d69, org.springframework.test.context.jdbc.SqlScriptsTestExecutionListener@211399ef, org.springframework.test.context.event.EventPublishingTestExecutionListener@10ad5f0c, org.springframework.boot.test.autoconfigure.restdocs.RestDocsTestExecutionListener@305b01b2, org.springframework.boot.test.autoconfigure.web.client.MockRestServiceServerResetTestExecutionListener@43e73da5, org.springframework.boot.test.autoconfigure.web.servlet.MockMvcPrintOnlyOnFailureTestExecutionListener@7e8618d7, org.springframework.boot.test.autoconfigure.web.servlet.WebDriverTestExecutionListener@4297d34, org.springframework.boot.test.autoconfigure.webservices.client.MockWebServiceServerTestExecutionListener@6c97aa92, org.springframework.boot.test.mock.mockito.ResetMocksTestExecutionListener@1667b8b0]
16:21:57.232 [Test worker] DEBUG org.springframework.test.context.support.AbstractDirtiesContextTestExecutionListener - Before test class: context [DefaultTestContext@5310a66b testClass = MessagingRabbitmqApplicationTest, testInstance = [null], testMethod = [null], testException = [null], mergedContextConfiguration = [MergedContextConfiguration@61a7af0 testClass = MessagingRabbitmqApplicationTest, locations = '{}', classes = '{class com.example.messagingrabbitmq.MessagingRabbitmqApplication}', contextInitializerClasses = '[]', activeProfiles = '{}', propertySourceLocations = '{}', propertySourceProperties = '{org.springframework.boot.test.context.SpringBootTestContextBootstrapper=true}', contextCustomizers = set[org.springframework.boot.test.autoconfigure.actuate.metrics.MetricsExportContextCustomizerFactory$DisableMetricExportContextCustomizer@1ff5c540, org.springframework.boot.test.autoconfigure.properties.PropertyMappingContextCustomizer@0, org.springframework.boot.test.autoconfigure.web.servlet.WebDriverContextCustomizerFactory$Customizer@4258a130, org.springframework.boot.test.context.filter.ExcludeFilterContextCustomizer@14eae0fc, org.springframework.boot.test.json.DuplicateJsonObjectContextCustomizerFactory$DuplicateJsonObjectContextCustomizer@60fd5b18, org.springframework.boot.test.mock.mockito.MockitoContextCustomizer@5511f728, org.springframework.boot.test.web.client.TestRestTemplateContextCustomizer@1d4bc8c8, org.springframework.boot.test.context.SpringBootTestArgs@1, org.springframework.boot.test.context.SpringBootTestWebEnvironment@5044012b], contextLoader = 'org.springframework.boot.test.context.SpringBootContextLoader', parent = [null]], attributes = map[[empty]]], class annotated with @DirtiesContext [false] with mode [null].

  .   ____          _            __ _ _
 /\\ / ___'_ __ _ _(_)_ __  __ _ \ \ \ \
( ( )\___ | '_ | '_| | '_ \/ _` | \ \ \ \
 \\/  ___)| |_)| | | | | || (_| |  ) ) ) )
  '  |____| .__|_| |_|_| |_\__, | / / / /
 =========|_|==============|___/=/_/_/_/
 :: Spring Boot ::                (v2.6.3)

2022-06-14 16:21:57.874  INFO 24260 --- [    Test worker] c.e.m.MessagingRabbitmqApplicationTest   : Starting MessagingRabbitmqApplicationTest using Java 11.0.15 on nuntapongs-Air with PID 24260 (started by nuntapongsiripanyawong in /Users/nuntapongsiripanyawong/workspace/springboot/backup/complete)
2022-06-14 16:21:57.876  INFO 24260 --- [    Test worker] c.e.m.MessagingRabbitmqApplicationTest   : No active profile set, falling back to default profiles: default
2022-06-14 16:22:02.867  INFO 24260 --- [    Test worker] o.s.a.r.c.CachingConnectionFactory       : Attempting to connect to: [localhost:5672]
2022-06-14 16:22:02.946  INFO 24260 --- [    Test worker] o.s.a.r.c.CachingConnectionFactory       : Created new connection: rabbitConnectionFactory#49679a48:0/SimpleConnection@534d68e4 [delegate=amqp://guest@127.0.0.1:5672/, localPort= 62062]
2022-06-14 16:22:02.951  INFO 24260 --- [    Test worker] o.s.amqp.rabbit.core.RabbitAdmin         : Auto-declaring a non-durable, auto-delete, or exclusive Queue (spring-boot) durable:false, auto-delete:false, exclusive:false. It will be redeclared if the broker stops and is restarted while the connection factory is alive, but all messages will be lost.
Received <Hello from RabbitMQ!>
Send mail to user
Received <Hello from RabbitMQ!>
Send mail to user
Received <Hello from RabbitMQ!>
Send mail to user
Received <Hello from RabbitMQ!>
Send mail to user
Received <Hello from RabbitMQ!>
Send mail to user
Received <Hello from RabbitMQ!>
Send mail to user
Received <Hello from RabbitMQ!>
Send mail to user
Received <Hello from RabbitMQ!>
Send mail to user
Received <Hello from RabbitMQ!>
Send mail to user
Received <Hello from RabbitMQ!>
Send mail to user
Received <Hello from RabbitMQ!>
Send mail to user
Received <Hello from RabbitMQ!>
Send mail to user
Received <Hello from RabbitMQ!>
Send mail to user
Received <Hello from RabbitMQ!>
Send mail to user
Received <Hello from RabbitMQ!>
Send mail to user
Received <Hello from RabbitMQ!>
Send mail to user
Received <Hello from RabbitMQ!>
Send mail to user
Received <Hello from RabbitMQ!>
Send mail to user
Received <Hello from RabbitMQ!>
Send mail to user
Received <Hello from RabbitMQ!>
Send mail to user
Received <Hello from RabbitMQ!>
Send mail to user
Received <Hello from RabbitMQ!>
Send mail to user
Received <Hello from RabbitMQ!>
Send mail to user
Received <Hello from RabbitMQ!>
Send mail to user
Received <Hello from RabbitMQ!>
Send mail to user
Received <Hello from RabbitMQ!>
Send mail to user
Received <Hello from RabbitMQ!>
Send mail to user
Received <Hello from RabbitMQ!>
Send mail to user
Received <Hello from RabbitMQ!>
Send mail to user
Received <Hello from RabbitMQ!>
Send mail to user
Received <Hello from RabbitMQ!>
Send mail to user
Received <Hello from RabbitMQ!>
Send mail to user
Received <Hello from RabbitMQ!>
Send mail to user
Received <Hello from RabbitMQ!>
Send mail to user
Received <Hello from RabbitMQ!>
Send mail to user
Received <Hello from RabbitMQ!>
Send mail to user
Received <Hello from RabbitMQ!>
Send mail to user
Received <Hello from RabbitMQ!>
Send mail to user
Received <Hello from RabbitMQ!>
Send mail to user
Received <Hello from RabbitMQ!>
Send mail to user
Received <Hello from RabbitMQ!>
Send mail to user
Received <Hello from RabbitMQ!>
Send mail to user
Received <Hello from RabbitMQ!>
Send mail to user
Received <Hello from RabbitMQ!>
Send mail to user
Received <Hello from RabbitMQ!>
Send mail to user
Received <Hello from RabbitMQ!>
Send mail to user
Received <Hello from RabbitMQ!>
Send mail to user
Received <Hello from RabbitMQ!>
Send mail to user
2022-06-14 16:22:04.561  INFO 24260 --- [    Test worker] c.e.m.MessagingRabbitmqApplicationTest   : Started MessagingRabbitmqApplicationTest in 7.221 seconds (JVM running for 8.969)
Received <Hello from RabbitMQ!>
Send mail to user
Received <Hello from RabbitMQ!>
Send mail to user
Received <Hello from RabbitMQ!>
Send mail to user
Received <Hello from RabbitMQ!>
Send mail to user
Received <Hello from RabbitMQ!>
Send mail to user
Received <Hello from RabbitMQ!>
Send mail to user
Received <Hello from RabbitMQ!>
Send mail to user
Received <Hello from RabbitMQ!>
Send mail to user
Received <Hello from RabbitMQ!>
Send mail to user
Received <Hello from RabbitMQ!>
Send mail to user
Received <Hello from RabbitMQ!>
Send mail to user
Received <Hello from RabbitMQ!>
Send mail to user
Received <Hello from RabbitMQ!>
Send mail to user
Received <Hello from RabbitMQ!>
Send mail to user
Received <Hello from RabbitMQ!>
Send mail to user
Received <Hello from RabbitMQ!>
Send mail to user
Received <Hello from RabbitMQ!>
Send mail to user
Received <Hello from RabbitMQ!>
Send mail to user
Received <Hello from RabbitMQ!>
Send mail to user
Received <Hello from RabbitMQ!>
Send mail to user
Received <Hello from RabbitMQ!>
Send mail to user
Received <Hello from RabbitMQ!>
Send mail to user
Received <Hello from RabbitMQ!>
Send mail to user
Received <Hello from RabbitMQ!>
Send mail to user
Received <Hello from RabbitMQ!>
Send mail to user
Received <Hello from RabbitMQ!>
Send mail to user
Received <Hello from RabbitMQ!>
Send mail to user
Received <Hello from RabbitMQ!>
Send mail to user
Received <Hello from RabbitMQ!>
Send mail to user
Received <Hello from RabbitMQ!>
Send mail to user
Received <Hello from RabbitMQ!>
Send mail to user
Received <Hello from RabbitMQ!>
Send mail to user
Received <Hello from RabbitMQ!>
Send mail to user
Received <Hello from RabbitMQ!>
Send mail to user
Received <Hello from RabbitMQ!>
Send mail to user
Received <Hello from RabbitMQ!>
Send mail to user
Received <Hello from RabbitMQ!>
Send mail to user
Received <Hello from RabbitMQ!>
Send mail to user
Received <Hello from RabbitMQ!>
Send mail to user
Received <Hello from RabbitMQ!>
Send mail to user
Received <Hello from RabbitMQ!>
Send mail to user
Received <Hello from RabbitMQ!>
Send mail to user
Received <Hello from RabbitMQ!>
Send mail to user
Received <Hello from RabbitMQ!>
Send mail to user
Received <Hello from RabbitMQ!>
Send mail to user
Received <Hello from RabbitMQ!>
Send mail to user
Received <Hello from RabbitMQ!>
Send mail to user
Received <Hello from RabbitMQ!>
Send mail to user
Received <Hello from RabbitMQ!>
Send mail to user
Received <Hello from RabbitMQ!>
Send mail to user
Received <Hello from RabbitMQ!>
Send mail to user
Received <Hello from RabbitMQ!>
Send mail to user
Received <Hello from RabbitMQ!>
Send mail to user
Received <Hello from RabbitMQ!>
Send mail to user
Received <Hello from RabbitMQ!>
Send mail to user
Received <Hello from RabbitMQ!>
Send mail to user
Received <Hello from RabbitMQ!>
Send mail to user
Received <Hello from RabbitMQ!>
Send mail to user
Received <Hello from RabbitMQ!>
Send mail to user
Received <Hello from RabbitMQ!>
Send mail to user
Received <Hello from RabbitMQ!>
Send mail to user
Received <Hello from RabbitMQ!>
Send mail to user
Received <Hello from RabbitMQ!>
Send mail to user
Received <Hello from RabbitMQ!>
Send mail to user
Received <Hello from RabbitMQ!>
Send mail to user
Received <Hello from RabbitMQ!>
Send mail to user
Received <Hello from RabbitMQ!>
Send mail to user
Received <Hello from RabbitMQ!>
Send mail to user
Received <Hello from RabbitMQ!>
Send mail to user
Received <Hello from RabbitMQ!>
Send mail to user
Received <Hello from RabbitMQ!>
Send mail to user
Received <Hello from RabbitMQ!>
Send mail to user
Received <Hello from RabbitMQ!>
Send mail to user
Received <Hello from RabbitMQ!>
Send mail to user
Received <Hello from RabbitMQ!>
Send mail to user
Received <Hello from RabbitMQ!>
Send mail to user
Received <Hello from RabbitMQ!>
Send mail to user
Received <Hello from RabbitMQ!>
Send mail to user
Received <Hello from RabbitMQ!>
Send mail to user
Received <Hello from RabbitMQ!>
Send mail to user
Received <Hello from RabbitMQ!>
Send mail to user
Received <Hello from RabbitMQ!>
Send mail to user
Received <Hello from RabbitMQ!>
Send mail to user
Received <Hello from RabbitMQ!>
Send mail to user
Received <Hello from RabbitMQ!>
Send mail to user
Received <Hello from RabbitMQ!>
Send mail to user
Received <Hello from RabbitMQ!>
Send mail to user
Received <Hello from RabbitMQ!>
Send mail to user
Received <Hello from RabbitMQ!>
Send mail to user
Received <Hello from RabbitMQ!>
Send mail to user
Received <Hello from RabbitMQ!>
Send mail to user
Received <Hello from RabbitMQ!>
Send mail to user
Received <Hello from RabbitMQ!>
Send mail to user
Received <Hello from RabbitMQ!>
Send mail to user
Received <Hello from RabbitMQ!>
Send mail to user
Received <Hello from RabbitMQ!>
Send mail to user
Received <Hello from RabbitMQ!>
Send mail to user
Received <Hello from RabbitMQ!>
Send mail to user
Received <Hello from RabbitMQ!>
Send mail to user
Received <Hello from RabbitMQ!>
Send mail to user
Received <Hello from RabbitMQ!>
Send mail to user
Received <Hello from RabbitMQ!>
Send mail to user
Received <Hello from RabbitMQ!>
Send mail to user
Received <Hello from RabbitMQ!>
Send mail to user
Received <Hello from RabbitMQ!>
Send mail to user
Received <Hello from RabbitMQ!>
Send mail to user
Received <Hello from RabbitMQ!>
Send mail to user
Received <Hello from RabbitMQ!>
Send mail to user
Received <Hello from RabbitMQ!>
Send mail to user
Received <Hello from RabbitMQ!>
Send mail to user
Received <Hello from RabbitMQ!>
Send mail to user
Received <Hello from RabbitMQ!>
Send mail to user
Received <Hello from RabbitMQ!>
Send mail to user
Received <Hello from RabbitMQ!>
Send mail to user
Received <Hello from RabbitMQ!>
Send mail to user
Received <Hello from RabbitMQ!>
Send mail to user
Received <Hello from RabbitMQ!>
Send mail to user
Received <Hello from RabbitMQ!>
Send mail to user
Received <Hello from RabbitMQ!>
Send mail to user
Received <Hello from RabbitMQ!>
Send mail to user
Received <Hello from RabbitMQ!>
Send mail to user
Received <Hello from RabbitMQ!>
Send mail to user
Received <Hello from RabbitMQ!>
Send mail to user
Received <Hello from RabbitMQ!>
Send mail to user
Received <Hello from RabbitMQ!>
Send mail to user
Received <Hello from RabbitMQ!>
Send mail to user
Received <Hello from RabbitMQ!>
Send mail to user
Received <Hello from RabbitMQ!>
Send mail to user
Received <Hello from RabbitMQ!>
Send mail to user
Received <Hello from RabbitMQ!>
Send mail to user
Received <Hello from RabbitMQ!>
Send mail to user
Received <Hello from RabbitMQ!>
Send mail to user
Received <Hello from RabbitMQ!>
Send mail to user
Received <Hello from RabbitMQ!>
Send mail to user
Received <Hello from RabbitMQ!>
Send mail to user
Received <Hello from RabbitMQ!>
Send mail to user
Received <Hello from RabbitMQ!>
Send mail to user
Received <Hello from RabbitMQ!>
Send mail to user
Received <Hello from RabbitMQ!>
Send mail to user
Received <Hello from RabbitMQ!>
Send mail to user
Received <Hello from RabbitMQ!>
Send mail to user
Received <Hello from RabbitMQ!>
Send mail to user
Received <Hello from RabbitMQ!>
Send mail to user
Received <Hello from RabbitMQ!>
Send mail to user
Received <Hello from RabbitMQ!>
Send mail to user
Received <Hello from RabbitMQ!>
Send mail to user
Received <Hello from RabbitMQ!>
Send mail to user
Received <Hello from RabbitMQ!>
Send mail to user
Received <Hello from RabbitMQ!>
Send mail to user
Received <Hello from RabbitMQ!>
Send mail to user
Received <Hello from RabbitMQ!>
Send mail to user
Received <Hello from RabbitMQ!>
Send mail to user
Received <Hello from RabbitMQ!>
Send mail to user
Received <Hello from RabbitMQ!>
Send mail to user
Received <Hello from RabbitMQ!>
Send mail to user
Received <Hello from RabbitMQ!>
Send mail to user
Received <Hello from RabbitMQ!>
Send mail to user
Received <Hello from RabbitMQ!>
Send mail to user
Received <Hello from RabbitMQ!>
Send mail to user
Received <Hello from RabbitMQ!>
Send mail to user
Received <Hello from RabbitMQ!>
Send mail to user
Received <Hello from RabbitMQ!>
Send mail to user
Received <Hello from RabbitMQ!>
Send mail to user
Received <Hello from RabbitMQ!>
Send mail to user
Received <Hello from RabbitMQ!>
Send mail to user
Received <Hello from RabbitMQ!>
Send mail to user
Received <Hello from RabbitMQ!>
Send mail to user
Received <Hello from RabbitMQ!>
Send mail to user
Received <Hello from RabbitMQ!>
Send mail to user
Received <Hello from RabbitMQ!>
Send mail to user
Received <Hello from RabbitMQ!>
Send mail to user
Received <Hello from RabbitMQ!>
Send mail to user
Received <Hello from RabbitMQ!>
Send mail to user
Received <Hello from RabbitMQ!>
Send mail to user
Received <Hello from RabbitMQ!>
Send mail to user
Received <Hello from RabbitMQ!>
Send mail to user
Received <Hello from RabbitMQ!>
Send mail to user
Received <Hello from RabbitMQ!>
Send mail to user
Received <Hello from RabbitMQ!>
Send mail to user
Received <Hello from RabbitMQ!>
Send mail to user
Received <Hello from RabbitMQ!>
Send mail to user
Received <Hello from RabbitMQ!>
Send mail to user
Received <Hello from RabbitMQ!>
Send mail to user
Received <Hello from RabbitMQ!>
Send mail to user
Received <Hello from RabbitMQ!>
Send mail to user
Received <Hello from RabbitMQ!>
Send mail to user
Received <Hello from RabbitMQ!>
Send mail to user
Received <Hello from RabbitMQ!>
Send mail to user
Received <Hello from RabbitMQ!>
Send mail to user
Received <Hello from RabbitMQ!>
Send mail to user
Received <Hello from RabbitMQ!>
Send mail to user
Received <Hello from RabbitMQ!>
Send mail to user
Received <Hello from RabbitMQ!>
Send mail to user
Received <Hello from RabbitMQ!>
Send mail to user
Received <Hello from RabbitMQ!>
Send mail to user
Received <Hello from RabbitMQ!>
Send mail to user
Received <Hello from RabbitMQ!>
Send mail to user
Received <Hello from RabbitMQ!>
Send mail to user
Received <Hello from RabbitMQ!>
Send mail to user
Received <Hello from RabbitMQ!>
Send mail to user
Received <Hello from RabbitMQ!>
Send mail to user
Received <Hello from RabbitMQ!>
Send mail to user
Received <Hello from RabbitMQ!>
Send mail to user
Received <Hello from RabbitMQ!>
Send mail to user
Received <Hello from RabbitMQ!>
Send mail to user
Received <Hello from RabbitMQ!>
Send mail to user
Received <Hello from RabbitMQ!>
Send mail to user
Received <Hello from RabbitMQ!>
Send mail to user
Received <Hello from RabbitMQ!>
Send mail to user
Received <Hello from RabbitMQ!>
Send mail to user
Received <Hello from RabbitMQ!>
Send mail to user
Received <Hello from RabbitMQ!>
Send mail to user
Received <Hello from RabbitMQ!>
Send mail to user
Received <Hello from RabbitMQ!>
Send mail to user
Received <Hello from RabbitMQ!>
Send mail to user
Received <Hello from RabbitMQ!>
Send mail to user
Received <Hello from RabbitMQ!>
Send mail to user
Received <Hello from RabbitMQ!>
Send mail to user
Received <Hello from RabbitMQ!>
Send mail to user
Received <Hello from RabbitMQ!>
Send mail to user
Received <Hello from RabbitMQ!>
Send mail to user
Received <Hello from RabbitMQ!>
Send mail to user
Received <Hello from RabbitMQ!>
Send mail to user
Received <Hello from RabbitMQ!>
Send mail to user
Received <Hello from RabbitMQ!>
Send mail to user
Received <Hello from RabbitMQ!>
Send mail to user
Received <Hello from RabbitMQ!>
Send mail to user
Received <Hello from RabbitMQ!>
Send mail to user
Received <Hello from RabbitMQ!>
Send mail to user
Received <Hello from RabbitMQ!>
Send mail to user
Received <Hello from RabbitMQ!>
Send mail to user
Received <Hello from RabbitMQ!>
Send mail to user
Received <Hello from RabbitMQ!>
Send mail to user
Received <Hello from RabbitMQ!>
Send mail to user
Received <Hello from RabbitMQ!>
Send mail to user
Received <Hello from RabbitMQ!>
Send mail to user
Received <Hello from RabbitMQ!>
Send mail to user
Received <Hello from RabbitMQ!>
Send mail to user
Received <Hello from RabbitMQ!>
Send mail to user
Received <Hello from RabbitMQ!>
Send mail to user
Received <Hello from RabbitMQ!>
Send mail to user
Received <Hello from RabbitMQ!>
Send mail to user
Received <Hello from RabbitMQ!>
Send mail to user
Received <Hello from RabbitMQ!>
Send mail to user
Received <Hello from RabbitMQ!>
Send mail to user
Received <Hello from RabbitMQ!>
Send mail to user
Received <Hello from RabbitMQ!>
Send mail to user
Received <Hello from RabbitMQ!>
Send mail to user
Received <Hello from RabbitMQ!>
Send mail to user
Received <Hello from RabbitMQ!>
Send mail to user
Received <Hello from RabbitMQ!>
Send mail to user
Received <Hello from RabbitMQ!>
Send mail to user
Received <Hello from RabbitMQ!>
Send mail to user
Received <Hello from RabbitMQ!>
Send mail to user
Received <Hello from RabbitMQ!>
Send mail to user
Received <Hello from RabbitMQ!>
Send mail to user
Received <Hello from RabbitMQ!>
Send mail to user
Received <Hello from RabbitMQ!>
Send mail to user
Received <Hello from RabbitMQ!>
Send mail to user
Received <Hello from RabbitMQ!>
Send mail to user
Received <Hello from RabbitMQ!>
Send mail to user
Received <Hello from RabbitMQ!>
Send mail to user
Received <Hello from RabbitMQ!>
Send mail to user
Received <Hello from RabbitMQ!>
Send mail to user
Received <Hello from RabbitMQ!>
Send mail to user
Received <Hello from RabbitMQ!>
Send mail to user
Received <Hello from RabbitMQ!>
Send mail to user
Received <Hello from RabbitMQ!>
Send mail to user
Received <Hello from RabbitMQ!>
Send mail to user
Received <Hello from RabbitMQ!>
Send mail to user
Received <Hello from RabbitMQ!>
Send mail to user
Received <Hello from RabbitMQ!>
Send mail to user
Received <Hello from RabbitMQ!>
Send mail to user
Received <Hello from RabbitMQ!>
Send mail to user
Received <Hello from RabbitMQ!>
Send mail to user
Received <Hello from RabbitMQ!>
Send mail to user
Received <Hello from RabbitMQ!>
Send mail to user
Received <Hello from RabbitMQ!>
Send mail to user
Received <Hello from RabbitMQ!>
Send mail to user
Received <Hello from RabbitMQ!>
Send mail to user
Received <Hello from RabbitMQ!>
Send mail to user
Received <Hello from RabbitMQ!>
Send mail to user
Received <Hello from RabbitMQ!>
Send mail to user
Received <Hello from RabbitMQ!>
Send mail to user
Received <Hello from RabbitMQ!>
Send mail to user
Received <Hello from RabbitMQ!>
Send mail to user
Received <Hello from RabbitMQ!>
Send mail to user
Received <Hello from RabbitMQ!>
Send mail to user
Received <Hello from RabbitMQ!>
Send mail to user
Received <Hello from RabbitMQ!>
Send mail to user
Received <Hello from RabbitMQ!>
Send mail to user
Received <Hello from RabbitMQ!>
Send mail to user
Received <Hello from RabbitMQ!>
Send mail to user
Received <Hello from RabbitMQ!>
Send mail to user
Received <Hello from RabbitMQ!>
Send mail to user
Received <Hello from RabbitMQ!>
Send mail to user
Received <Hello from RabbitMQ!>
Send mail to user
Received <Hello from RabbitMQ!>
Send mail to user
Received <Hello from RabbitMQ!>
Send mail to user
Received <Hello from RabbitMQ!>
Send mail to user
Received <Hello from RabbitMQ!>
Send mail to user
Received <Hello from RabbitMQ!>
Send mail to user
Received <Hello from RabbitMQ!>
Send mail to user
Received <Hello from RabbitMQ!>
Send mail to user
Received <Hello from RabbitMQ!>
Send mail to user
Received <Hello from RabbitMQ!>
Send mail to user
Received <Hello from RabbitMQ!>
Send mail to user
Received <Hello from RabbitMQ!>
Send mail to user
Received <Hello from RabbitMQ!>
Send mail to user
Received <Hello from RabbitMQ!>
Send mail to user
Received <Hello from RabbitMQ!>
Send mail to user
Received <Hello from RabbitMQ!>
Send mail to user
Received <Hello from RabbitMQ!>
Send mail to user
Received <Hello from RabbitMQ!>
Send mail to user
Received <Hello from RabbitMQ!>
Send mail to user
Received <Hello from RabbitMQ!>
Send mail to user
Received <Hello from RabbitMQ!>
Send mail to user
Received <Hello from RabbitMQ!>
Send mail to user
Received <Hello from RabbitMQ!>
Send mail to user
Received <Hello from RabbitMQ!>
Send mail to user
Received <Hello from RabbitMQ!>
Send mail to user
Received <Hello from RabbitMQ!>
Send mail to user
Received <Hello from RabbitMQ!>
Send mail to user
Received <Hello from RabbitMQ!>
Send mail to user
Received <Hello from RabbitMQ!>
Send mail to user
Received <Hello from RabbitMQ!>
Send mail to user
Received <Hello from RabbitMQ!>
Send mail to user
Received <Hello from RabbitMQ!>
Send mail to user
Received <Hello from RabbitMQ!>
Send mail to user
Received <Hello from RabbitMQ!>
Send mail to user
Received <Hello from RabbitMQ!>
Send mail to user
Received <Hello from RabbitMQ!>
Send mail to user
Received <Hello from RabbitMQ!>
Send mail to user
Received <Hello from RabbitMQ!>
Send mail to user
Received <Hello from RabbitMQ!>
Send mail to user
Received <Hello from RabbitMQ!>
Send mail to user
Received <Hello from RabbitMQ!>
Send mail to user
Received <Hello from RabbitMQ!>
Send mail to user
Received <Hello from RabbitMQ!>
Send mail to user
Received <Hello from RabbitMQ!>
Send mail to user
Received <Hello from RabbitMQ!>
Send mail to user
Received <Hello from RabbitMQ!>
Send mail to user
Received <Hello from RabbitMQ!>
Send mail to user
Received <Hello from RabbitMQ!>
Send mail to user
Received <Hello from RabbitMQ!>
Send mail to user
Received <Hello from RabbitMQ!>
Send mail to user
Received <Hello from RabbitMQ!>
Send mail to user
Received <Hello from RabbitMQ!>
Send mail to user
Received <Hello from RabbitMQ!>
Send mail to user
Received <Hello from RabbitMQ!>
Send mail to user
Received <Hello from RabbitMQ!>
Send mail to user
Received <Hello from RabbitMQ!>
Send mail to user
Received <Hello from RabbitMQ!>
Send mail to user
Received <Hello from RabbitMQ!>
Send mail to user
Received <Hello from RabbitMQ!>
Send mail to user
Received <Hello from RabbitMQ!>
Send mail to user
Received <Hello from RabbitMQ!>
Send mail to user
Received <Hello from RabbitMQ!>
Send mail to user
Received <Hello from RabbitMQ!>
Send mail to user
Received <Hello from RabbitMQ!>
Send mail to user
Received <Hello from RabbitMQ!>
Send mail to user
Received <Hello from RabbitMQ!>
Send mail to user
Received <Hello from RabbitMQ!>
Send mail to user
Received <Hello from RabbitMQ!>
Send mail to user
Received <Hello from RabbitMQ!>
Send mail to user
Received <Hello from RabbitMQ!>
Send mail to user
Received <Hello from RabbitMQ!>
Send mail to user
Received <Hello from RabbitMQ!>
Send mail to user
Received <Hello from RabbitMQ!>
Send mail to user
Received <Hello from RabbitMQ!>
Send mail to user
Received <Hello from RabbitMQ!>
Send mail to user
Received <Hello from RabbitMQ!>
Send mail to user
Received <Hello from RabbitMQ!>
Send mail to user
Received <Hello from RabbitMQ!>
Send mail to user
Received <Hello from RabbitMQ!>
Send mail to user
Received <Hello from RabbitMQ!>
Send mail to user
Received <Hello from RabbitMQ!>
Send mail to user
Received <Hello from RabbitMQ!>
Send mail to user
Received <Hello from RabbitMQ!>
Send mail to user
Received <Hello from RabbitMQ!>
Send mail to user
Received <Hello from RabbitMQ!>
Send mail to user
Received <Hello from RabbitMQ!>
Send mail to user
Received <Hello from RabbitMQ!>
Send mail to user
Received <Hello from RabbitMQ!>
Send mail to user
Received <Hello from RabbitMQ!>
Send mail to user
Received <Hello from RabbitMQ!>
Send mail to user
Received <Hello from RabbitMQ!>
Send mail to user
Received <Hello from RabbitMQ!>
Send mail to user
Received <Hello from RabbitMQ!>
Send mail to user
Received <Hello from RabbitMQ!>
Send mail to user
Received <Hello from RabbitMQ!>
Send mail to user
Received <Hello from RabbitMQ!>
Send mail to user
Received <Hello from RabbitMQ!>
Send mail to user
Received <Hello from RabbitMQ!>
Send mail to user
Received <Hello from RabbitMQ!>
Send mail to user
Received <Hello from RabbitMQ!>
Send mail to user
Received <Hello from RabbitMQ!>
Send mail to user
Received <Hello from RabbitMQ!>
Send mail to user
Received <Hello from RabbitMQ!>
Send mail to user
Received <Hello from RabbitMQ!>
Send mail to user
Received <Hello from RabbitMQ!>
Send mail to user
Received <Hello from RabbitMQ!>
Send mail to user
Received <Hello from RabbitMQ!>
Send mail to user
Received <Hello from RabbitMQ!>
Send mail to user
Received <Hello from RabbitMQ!>
Send mail to user
Received <Hello from RabbitMQ!>
Send mail to user
Received <Hello from RabbitMQ!>
Send mail to user
Received <Hello from RabbitMQ!>
Send mail to user
Received <Hello from RabbitMQ!>
Send mail to user
Received <Hello from RabbitMQ!>
Send mail to user
Received <Hello from RabbitMQ!>
Send mail to user
Received <Hello from RabbitMQ!>
Send mail to user
Received <Hello from RabbitMQ!>
Send mail to user
Received <Hello from RabbitMQ!>
Send mail to user
Received <Hello from RabbitMQ!>
Send mail to user
Received <Hello from RabbitMQ!>
Send mail to user
Received <Hello from RabbitMQ!>
Send mail to user
Received <Hello from RabbitMQ!>
Send mail to user
Received <Hello from RabbitMQ!>
Send mail to user
Received <Hello from RabbitMQ!>
Send mail to user
Received <Hello from RabbitMQ!>
Send mail to user
Received <Hello from RabbitMQ!>
Send mail to user
Received <Hello from RabbitMQ!>
Send mail to user
Received <Hello from RabbitMQ!>
Send mail to user
Received <Hello from RabbitMQ!>
Send mail to user
Received <Hello from RabbitMQ!>
Send mail to user
Received <Hello from RabbitMQ!>
Send mail to user
Received <Hello from RabbitMQ!>
Send mail to user
Received <Hello from RabbitMQ!>
Send mail to user
Received <Hello from RabbitMQ!>
Send mail to user
Received <Hello from RabbitMQ!>
Send mail to user
Received <Hello from RabbitMQ!>
Send mail to user
Received <Hello from RabbitMQ!>
Send mail to user
Received <Hello from RabbitMQ!>
Send mail to user
Received <Hello from RabbitMQ!>
Send mail to user
Received <Hello from RabbitMQ!>
Send mail to user
Received <Hello from RabbitMQ!>
Send mail to user
Received <Hello from RabbitMQ!>
Send mail to user
Received <Hello from RabbitMQ!>
Send mail to user
Received <Hello from RabbitMQ!>
Send mail to user
Received <Hello from RabbitMQ!>
Send mail to user
Received <Hello from RabbitMQ!>
Send mail to user
Received <Hello from RabbitMQ!>
Send mail to user
Received <Hello from RabbitMQ!>
Send mail to user
Received <Hello from RabbitMQ!>
Send mail to user
Received <Hello from RabbitMQ!>
Send mail to user
Received <Hello from RabbitMQ!>
Send mail to user
Received <Hello from RabbitMQ!>
Send mail to user
Received <Hello from RabbitMQ!>
Send mail to user
Received <Hello from RabbitMQ!>
Send mail to user
Received <Hello from RabbitMQ!>
Send mail to user
Received <Hello from RabbitMQ!>
Send mail to user
Received <Hello from RabbitMQ!>
Send mail to user
Received <Hello from RabbitMQ!>
Send mail to user
Received <Hello from RabbitMQ!>
Send mail to user
Received <Hello from RabbitMQ!>
Send mail to user
Received <Hello from RabbitMQ!>
Send mail to user
Received <Hello from RabbitMQ!>
Send mail to user
Received <Hello from RabbitMQ!>
Send mail to user
Received <Hello from RabbitMQ!>
Send mail to user
Received <Hello from RabbitMQ!>
Send mail to user
Received <Hello from RabbitMQ!>
Send mail to user
Received <Hello from RabbitMQ!>
Send mail to user
Received <Hello from RabbitMQ!>
Send mail to user
Received <Hello from RabbitMQ!>
Send mail to user
Received <Hello from RabbitMQ!>
Send mail to user
Received <Hello from RabbitMQ!>
Send mail to user
Received <Hello from RabbitMQ!>
Send mail to user
Received <Hello from RabbitMQ!>
Send mail to user
Received <Hello from RabbitMQ!>
Send mail to user
Received <Hello from RabbitMQ!>
Send mail to user
Received <Hello from RabbitMQ!>
Send mail to user
Received <Hello from RabbitMQ!>
Send mail to user
Received <Hello from RabbitMQ!>
Send mail to user
Received <Hello from RabbitMQ!>
Send mail to user
Received <Hello from RabbitMQ!>
Send mail to user
Received <Hello from RabbitMQ!>
Send mail to user
Received <Hello from RabbitMQ!>
Send mail to user
Received <Hello from RabbitMQ!>
Send mail to user
Received <Hello from RabbitMQ!>
Send mail to user
Received <Hello from RabbitMQ!>
Send mail to user
Received <Hello from RabbitMQ!>
Send mail to user
Received <Hello from RabbitMQ!>
Send mail to user
Received <Hello from RabbitMQ!>
Send mail to user
Received <Hello from RabbitMQ!>
Send mail to user
Received <Hello from RabbitMQ!>
Send mail to user
Received <Hello from RabbitMQ!>
Send mail to user
Received <Hello from RabbitMQ!>
Send mail to user
Received <Hello from RabbitMQ!>
Send mail to user
Received <Hello from RabbitMQ!>
Send mail to user
Received <Hello from RabbitMQ!>
Send mail to user
Received <Hello from RabbitMQ!>
Send mail to user
Received <Hello from RabbitMQ!>
Send mail to user
Received <Hello from RabbitMQ!>
Send mail to user
Received <Hello from RabbitMQ!>
Send mail to user
Received <Hello from RabbitMQ!>
Send mail to user
Received <Hello from RabbitMQ!>
Send mail to user
Received <Hello from RabbitMQ!>
Send mail to user
Received <Hello from RabbitMQ!>
Send mail to user
Received <Hello from RabbitMQ!>
Send mail to user
Received <Hello from RabbitMQ!>
Send mail to user
Received <Hello from RabbitMQ!>
Send mail to user
Received <Hello from RabbitMQ!>
Send mail to user
Received <Hello from RabbitMQ!>
Send mail to user
Received <Hello from RabbitMQ!>
Send mail to user
Received <Hello from RabbitMQ!>
Send mail to user
Received <Hello from RabbitMQ!>
Send mail to user
Received <Hello from RabbitMQ!>
Send mail to user
Received <Hello from RabbitMQ!>
Send mail to user
Received <Hello from RabbitMQ!>
Send mail to user
Received <Hello from RabbitMQ!>
Send mail to user
Received <Hello from RabbitMQ!>
Send mail to user
Received <Hello from RabbitMQ!>
Send mail to user
Received <Hello from RabbitMQ!>
Send mail to user
Received <Hello from RabbitMQ!>
Send mail to user
Received <Hello from RabbitMQ!>
Send mail to user
Received <Hello from RabbitMQ!>
Send mail to user
Received <Hello from RabbitMQ!>
Send mail to user
Received <Hello from RabbitMQ!>
Send mail to user
Received <Hello from RabbitMQ!>
Send mail to user
Received <Hello from RabbitMQ!>
Send mail to user
Received <Hello from RabbitMQ!>
Send mail to user
Received <Hello from RabbitMQ!>
Send mail to user
Received <Hello from RabbitMQ!>
Send mail to user
Received <Hello from RabbitMQ!>
Send mail to user
Received <Hello from RabbitMQ!>
Send mail to user
Received <Hello from RabbitMQ!>
Send mail to user
Received <Hello from RabbitMQ!>
Send mail to user
Received <Hello from RabbitMQ!>
Send mail to user
Received <Hello from RabbitMQ!>
Send mail to user
Received <Hello from RabbitMQ!>
Send mail to user
Received <Hello from RabbitMQ!>
Send mail to user
Received <Hello from RabbitMQ!>
Send mail to user
Received <Hello from RabbitMQ!>
Send mail to user
Received <Hello from RabbitMQ!>
Send mail to user
Received <Hello from RabbitMQ!>
Send mail to user
Received <Hello from RabbitMQ!>
Send mail to user
Received <Hello from RabbitMQ!>
Send mail to user
Received <Hello from RabbitMQ!>
Send mail to user
Received <Hello from RabbitMQ!>
Send mail to user
Received <Hello from RabbitMQ!>
Send mail to user
Received <Hello from RabbitMQ!>
Send mail to user
Received <Hello from RabbitMQ!>
Send mail to user
Received <Hello from RabbitMQ!>
Send mail to user
Received <Hello from RabbitMQ!>
Send mail to user
Received <Hello from RabbitMQ!>
Send mail to user
Received <Hello from RabbitMQ!>
Send mail to user
Received <Hello from RabbitMQ!>
Send mail to user
Received <Hello from RabbitMQ!>
Send mail to user
Received <Hello from RabbitMQ!>
Send mail to user
Received <Hello from RabbitMQ!>
Send mail to user
Received <Hello from RabbitMQ!>
Send mail to user
Received <Hello from RabbitMQ!>
Send mail to user
Received <Hello from RabbitMQ!>
Send mail to user
Received <Hello from RabbitMQ!>
Send mail to user
Received <Hello from RabbitMQ!>
Send mail to user
Received <Hello from RabbitMQ!>
Send mail to user
Received <Hello from RabbitMQ!>
Send mail to user
Received <Hello from RabbitMQ!>
Send mail to user
Received <Hello from RabbitMQ!>
Send mail to user
Received <Hello from RabbitMQ!>
Send mail to user
Received <Hello from RabbitMQ!>
Send mail to user
Received <Hello from RabbitMQ!>
Send mail to user
Received <Hello from RabbitMQ!>
Send mail to user
Received <Hello from RabbitMQ!>
Send mail to user
Received <Hello from RabbitMQ!>
Send mail to user
Received <Hello from RabbitMQ!>
Send mail to user
Received <Hello from RabbitMQ!>
Send mail to user
Received <Hello from RabbitMQ!>
Send mail to user
Received <Hello from RabbitMQ!>
Send mail to user
Received <Hello from RabbitMQ!>
Send mail to user
Received <Hello from RabbitMQ!>
Send mail to user
Received <Hello from RabbitMQ!>
Send mail to user
Received <Hello from RabbitMQ!>
Send mail to user
Received <Hello from RabbitMQ!>
Send mail to user
Received <Hello from RabbitMQ!>
Send mail to user
Received <Hello from RabbitMQ!>
Send mail to user
Received <Hello from RabbitMQ!>
Send mail to user
Received <Hello from RabbitMQ!>
Send mail to user
Received <Hello from RabbitMQ!>
Send mail to user
Received <Hello from RabbitMQ!>
Send mail to user
Received <Hello from RabbitMQ!>
Send mail to user
Received <Hello from RabbitMQ!>
Send mail to user
Received <Hello from RabbitMQ!>
Send mail to user
Received <Hello from RabbitMQ!>
Send mail to user
Received <Hello from RabbitMQ!>
Send mail to user
Received <Hello from RabbitMQ!>
Send mail to user
Received <Hello from RabbitMQ!>
Send mail to user
Received <Hello from RabbitMQ!>
Send mail to user
Received <Hello from RabbitMQ!>
Send mail to user
Received <Hello from RabbitMQ!>
Send mail to user
Received <Hello from RabbitMQ!>
Send mail to user
Received <Hello from RabbitMQ!>
Send mail to user
Received <Hello from RabbitMQ!>
Send mail to user
Received <Hello from RabbitMQ!>
Send mail to user
Received <Hello from RabbitMQ!>
Send mail to user
Received <Hello from RabbitMQ!>
Send mail to user
Received <Hello from RabbitMQ!>
Send mail to user
Received <Hello from RabbitMQ!>
Send mail to user
Received <Hello from RabbitMQ!>
Send mail to user
Received <Hello from RabbitMQ!>
Send mail to user
Received <Hello from RabbitMQ!>
Send mail to user
Received <Hello from RabbitMQ!>
Send mail to user
Received <Hello from RabbitMQ!>
Send mail to user
Received <Hello from RabbitMQ!>
Send mail to user
Received <Hello from RabbitMQ!>
Send mail to user
Received <Hello from RabbitMQ!>
Send mail to user
Received <Hello from RabbitMQ!>
Send mail to user
Received <Hello from RabbitMQ!>
Send mail to user
Received <Hello from RabbitMQ!>
Send mail to user
Received <Hello from RabbitMQ!>
Send mail to user
Received <Hello from RabbitMQ!>
Send mail to user
Received <Hello from RabbitMQ!>
Send mail to user
Received <Hello from RabbitMQ!>
Send mail to user
Received <Hello from RabbitMQ!>
Send mail to user
Received <Hello from RabbitMQ!>
Send mail to user
Received <Hello from RabbitMQ!>
Send mail to user
Received <Hello from RabbitMQ!>
Send mail to user
Received <Hello from RabbitMQ!>
Send mail to user
Received <Hello from RabbitMQ!>
Send mail to user
Received <Hello from RabbitMQ!>
Send mail to user
Received <Hello from RabbitMQ!>
Send mail to user
Received <Hello from RabbitMQ!>
Send mail to user
Received <Hello from RabbitMQ!>
Send mail to user
Received <Hello from RabbitMQ!>
Send mail to user
Received <Hello from RabbitMQ!>
Send mail to user
Received <Hello from RabbitMQ!>
Send mail to user
Received <Hello from RabbitMQ!>
Send mail to user
Received <Hello from RabbitMQ!>
Send mail to user
Received <Hello from RabbitMQ!>
Send mail to user
Received <Hello from RabbitMQ!>
Send mail to user
Received <Hello from RabbitMQ!>
Send mail to user
Received <Hello from RabbitMQ!>
Send mail to user
Received <Hello from RabbitMQ!>
Send mail to user
Received <Hello from RabbitMQ!>
Send mail to user
Received <Hello from RabbitMQ!>
Send mail to user
Received <Hello from RabbitMQ!>
Send mail to user
Received <Hello from RabbitMQ!>
Send mail to user
Received <Hello from RabbitMQ!>
Send mail to user
Received <Hello from RabbitMQ!>
Send mail to user
Received <Hello from RabbitMQ!>
Send mail to user
Received <Hello from RabbitMQ!>
Send mail to user
Received <Hello from RabbitMQ!>
Send mail to user
Received <Hello from RabbitMQ!>
Send mail to user
Received <Hello from RabbitMQ!>
Send mail to user
Received <Hello from RabbitMQ!>
Send mail to user
Received <Hello from RabbitMQ!>
Send mail to user
Received <Hello from RabbitMQ!>
Send mail to user
Received <Hello from RabbitMQ!>
Send mail to user
Received <Hello from RabbitMQ!>
Send mail to user
Received <Hello from RabbitMQ!>
Send mail to user
Received <Hello from RabbitMQ!>
Send mail to user
Received <Hello from RabbitMQ!>
Send mail to user
Received <Hello from RabbitMQ!>
Send mail to user
Received <Hello from RabbitMQ!>
Send mail to user
Received <Hello from RabbitMQ!>
Send mail to user
Received <Hello from RabbitMQ!>
Send mail to user
Received <Hello from RabbitMQ!>
Send mail to user
Received <Hello from RabbitMQ!>
Send mail to user
Received <Hello from RabbitMQ!>
Send mail to user
Received <Hello from RabbitMQ!>
Send mail to user
Received <Hello from RabbitMQ!>
Send mail to user
Received <Hello from RabbitMQ!>
Send mail to user
Received <Hello from RabbitMQ!>
Send mail to user
Received <Hello from RabbitMQ!>
Send mail to user
Received <Hello from RabbitMQ!>
Send mail to user
Received <Hello from RabbitMQ!>
Send mail to user
Received <Hello from RabbitMQ!>
Send mail to user
Received <Hello from RabbitMQ!>
Send mail to user
Received <Hello from RabbitMQ!>
Send mail to user
Received <Hello from RabbitMQ!>
Send mail to user
Received <Hello from RabbitMQ!>
Send mail to user
Received <Hello from RabbitMQ!>
Send mail to user
Received <Hello from RabbitMQ!>
Send mail to user
Received <Hello from RabbitMQ!>
Send mail to user
Received <Hello from RabbitMQ!>
Send mail to user
Received <Hello from RabbitMQ!>
Send mail to user
Received <Hello from RabbitMQ!>
Send mail to user
Received <Hello from RabbitMQ!>
Send mail to user
Received <Hello from RabbitMQ!>
Send mail to user
Received <Hello from RabbitMQ!>
Send mail to user
Received <Hello from RabbitMQ!>
Send mail to user
Received <Hello from RabbitMQ!>
Send mail to user
Received <Hello from RabbitMQ!>
Send mail to user
Received <Hello from RabbitMQ!>
Send mail to user
Received <Hello from RabbitMQ!>
Send mail to user
Received <Hello from RabbitMQ!>
Send mail to user
Received <Hello from RabbitMQ!>
Send mail to user
Received <Hello from RabbitMQ!>
Send mail to user
Received <Hello from RabbitMQ!>
Send mail to user
Received <Hello from RabbitMQ!>
Send mail to user
Received <Hello from RabbitMQ!>
Send mail to user
Received <Hello from RabbitMQ!>
Send mail to user
Received <Hello from RabbitMQ!>
Send mail to user
Received <Hello from RabbitMQ!>
Send mail to user
Received <Hello from RabbitMQ!>
Send mail to user
Received <Hello from RabbitMQ!>
Send mail to user
Received <Hello from RabbitMQ!>
Send mail to user
Received <Hello from RabbitMQ!>
Send mail to user
Received <Hello from RabbitMQ!>
Send mail to user
Received <Hello from RabbitMQ!>
Send mail to user
Received <Hello from RabbitMQ!>
Send mail to user
Received <Hello from RabbitMQ!>
Send mail to user
Received <Hello from RabbitMQ!>
Send mail to user
Received <Hello from RabbitMQ!>
Send mail to user
Received <Hello from RabbitMQ!>
Send mail to user
Received <Hello from RabbitMQ!>
Send mail to user
Received <Hello from RabbitMQ!>
Send mail to user
Received <Hello from RabbitMQ!>
Send mail to user
Received <Hello from RabbitMQ!>
Send mail to user
Received <Hello from RabbitMQ!>
Send mail to user
Received <Hello from RabbitMQ!>
Send mail to user
Received <Hello from RabbitMQ!>
Send mail to user
Received <Hello from RabbitMQ!>
Send mail to user
Received <Hello from RabbitMQ!>
Send mail to user
Received <Hello from RabbitMQ!>
Send mail to user
Received <Hello from RabbitMQ!>
Send mail to user
Received <Hello from RabbitMQ!>
Send mail to user
Received <Hello from RabbitMQ!>
Send mail to user
Received <Hello from RabbitMQ!>
Send mail to user
Received <Hello from RabbitMQ!>
Send mail to user
Received <Hello from RabbitMQ!>
Send mail to user
Received <Hello from RabbitMQ!>
Send mail to user
Received <Hello from RabbitMQ!>
Send mail to user
Received <Hello from RabbitMQ!>
Send mail to user
Received <Hello from RabbitMQ!>
Send mail to user
Received <Hello from RabbitMQ!>
Send mail to user
Received <Hello from RabbitMQ!>
Send mail to user
Received <Hello from RabbitMQ!>
Send mail to user
Received <Hello from RabbitMQ!>
Send mail to user
Received <Hello from RabbitMQ!>
Send mail to user
Received <Hello from RabbitMQ!>
Send mail to user
Received <Hello from RabbitMQ!>
Send mail to user
Received <Hello from RabbitMQ!>
Send mail to user
Received <Hello from RabbitMQ!>
Send mail to user
Received <Hello from RabbitMQ!>
Send mail to user
Received <Hello from RabbitMQ!>
Send mail to user
Received <Hello from RabbitMQ!>
Send mail to user
Received <Hello from RabbitMQ!>
Send mail to user
Received <Hello from RabbitMQ!>
Send mail to user
Received <Hello from RabbitMQ!>
Send mail to user
Received <Hello from RabbitMQ!>
Send mail to user
Received <Hello from RabbitMQ!>
Send mail to user
Received <Hello from RabbitMQ!>
Send mail to user
Received <Hello from RabbitMQ!>
Send mail to user
Received <Hello from RabbitMQ!>
Send mail to user
Received <Hello from RabbitMQ!>
Send mail to user
Received <Hello from RabbitMQ!>
Send mail to user
Received <Hello from RabbitMQ!>
Send mail to user
Received <Hello from RabbitMQ!>
Send mail to user
Received <Hello from RabbitMQ!>
Send mail to user
Received <Hello from RabbitMQ!>
Send mail to user
Received <Hello from RabbitMQ!>
Send mail to user
Received <Hello from RabbitMQ!>
Send mail to user
Received <Hello from RabbitMQ!>
Send mail to user
Received <Hello from RabbitMQ!>
Send mail to user
Received <Hello from RabbitMQ!>
Send mail to user
Received <Hello from RabbitMQ!>
Send mail to user
Received <Hello from RabbitMQ!>
Send mail to user
Received <Hello from RabbitMQ!>
Send mail to user
Received <Hello from RabbitMQ!>
Send mail to user
Received <Hello from RabbitMQ!>
Send mail to user
Received <Hello from RabbitMQ!>
Send mail to user
Received <Hello from RabbitMQ!>
Send mail to user
Received <Hello from RabbitMQ!>
Send mail to user
Received <Hello from RabbitMQ!>
Send mail to user
Received <Hello from RabbitMQ!>
Send mail to user
Received <Hello from RabbitMQ!>
Send mail to user
Received <Hello from RabbitMQ!>
Send mail to user
Received <Hello from RabbitMQ!>
Send mail to user
Received <Hello from RabbitMQ!>
Send mail to user
Received <Hello from RabbitMQ!>
Send mail to user
Received <Hello from RabbitMQ!>
Send mail to user
Received <Hello from RabbitMQ!>
Send mail to user
Received <Hello from RabbitMQ!>
Send mail to user
Received <Hello from RabbitMQ!>
Send mail to user
Received <Hello from RabbitMQ!>
Send mail to user
Received <Hello from RabbitMQ!>
Send mail to user
Received <Hello from RabbitMQ!>
Send mail to user
Received <Hello from RabbitMQ!>
Send mail to user
Received <Hello from RabbitMQ!>
Send mail to user
Received <Hello from RabbitMQ!>
Send mail to user
Received <Hello from RabbitMQ!>
Send mail to user
Received <Hello from RabbitMQ!>
Send mail to user
Received <Hello from RabbitMQ!>
Send mail to user
Received <Hello from RabbitMQ!>
Send mail to user
Received <Hello from RabbitMQ!>
Send mail to user
Received <Hello from RabbitMQ!>
Send mail to user
Received <Hello from RabbitMQ!>
Send mail to user
Received <Hello from RabbitMQ!>
Send mail to user
Received <Hello from RabbitMQ!>
Send mail to user
Received <Hello from RabbitMQ!>
Send mail to user
Received <Hello from RabbitMQ!>
Send mail to user
Received <Hello from RabbitMQ!>
Send mail to user
Received <Hello from RabbitMQ!>
Send mail to user
Received <Hello from RabbitMQ!>
Send mail to user
Received <Hello from RabbitMQ!>
Send mail to user
Received <Hello from RabbitMQ!>
Send mail to user
Received <Hello from RabbitMQ!>
Send mail to user
Received <Hello from RabbitMQ!>
Send mail to user
Received <Hello from RabbitMQ!>
Send mail to user
Received <Hello from RabbitMQ!>
Send mail to user
Received <Hello from RabbitMQ!>
Send mail to user
Received <Hello from RabbitMQ!>
Send mail to user
Received <Hello from RabbitMQ!>
Send mail to user
Received <Hello from RabbitMQ!>
Send mail to user
Received <Hello from RabbitMQ!>
Send mail to user
Received <Hello from RabbitMQ!>
Send mail to user
Received <Hello from RabbitMQ!>
Send mail to user
Received <Hello from RabbitMQ!>
Send mail to user
Received <Hello from RabbitMQ!>
Send mail to user
Received <Hello from RabbitMQ!>
Send mail to user
Received <Hello from RabbitMQ!>
Send mail to user
Received <Hello from RabbitMQ!>
Send mail to user
Received <Hello from RabbitMQ!>
Send mail to user
Received <Hello from RabbitMQ!>
Send mail to user
Received <Hello from RabbitMQ!>
Send mail to user
Received <Hello from RabbitMQ!>
Send mail to user
Received <Hello from RabbitMQ!>
Send mail to user
Received <Hello from RabbitMQ!>
Send mail to user
Received <Hello from RabbitMQ!>
Send mail to user
Received <Hello from RabbitMQ!>
Send mail to user
Received <Hello from RabbitMQ!>
Send mail to user
Received <Hello from RabbitMQ!>
Send mail to user
Received <Hello from RabbitMQ!>
Send mail to user
Received <Hello from RabbitMQ!>
Send mail to user
Received <Hello from RabbitMQ!>
Send mail to user
Received <Hello from RabbitMQ!>
Send mail to user
Received <Hello from RabbitMQ!>
Send mail to user
Received <Hello from RabbitMQ!>
Send mail to user
Received <Hello from RabbitMQ!>
Send mail to user
Received <Hello from RabbitMQ!>
Send mail to user
Received <Hello from RabbitMQ!>
Send mail to user
Received <Hello from RabbitMQ!>
Send mail to user
Received <Hello from RabbitMQ!>
Send mail to user
Received <Hello from RabbitMQ!>
Send mail to user
Received <Hello from RabbitMQ!>
Send mail to user
Received <Hello from RabbitMQ!>
Send mail to user
Received <Hello from RabbitMQ!>
Send mail to user
Received <Hello from RabbitMQ!>
Send mail to user
Received <Hello from RabbitMQ!>
Send mail to user
Received <Hello from RabbitMQ!>
Send mail to user
Received <Hello from RabbitMQ!>
Send mail to user
Received <Hello from RabbitMQ!>
Send mail to user
Received <Hello from RabbitMQ!>
Send mail to user
Received <Hello from RabbitMQ!>
Send mail to user
Received <Hello from RabbitMQ!>
Send mail to user
Received <Hello from RabbitMQ!>
Send mail to user
Received <Hello from RabbitMQ!>
Send mail to user
Received <Hello from RabbitMQ!>
Send mail to user
Received <Hello from RabbitMQ!>
Send mail to user
Received <Hello from RabbitMQ!>
Send mail to user
Received <Hello from RabbitMQ!>
Send mail to user
Received <Hello from RabbitMQ!>
Send mail to user
Received <Hello from RabbitMQ!>
Send mail to user
Received <Hello from RabbitMQ!>
Send mail to user
Received <Hello from RabbitMQ!>
Send mail to user
Received <Hello from RabbitMQ!>
Send mail to user
Received <Hello from RabbitMQ!>
Send mail to user
Received <Hello from RabbitMQ!>
Send mail to user
Received <Hello from RabbitMQ!>
Send mail to user
Received <Hello from RabbitMQ!>
Send mail to user
Received <Hello from RabbitMQ!>
Send mail to user
Received <Hello from RabbitMQ!>
Send mail to user
Received <Hello from RabbitMQ!>
Send mail to user
Received <Hello from RabbitMQ!>
Send mail to user
Received <Hello from RabbitMQ!>
Send mail to user
Received <Hello from RabbitMQ!>
Send mail to user
Received <Hello from RabbitMQ!>
Send mail to user
Received <Hello from RabbitMQ!>
Send mail to user
Received <Hello from RabbitMQ!>
Send mail to user
Received <Hello from RabbitMQ!>
Send mail to user
Received <Hello from RabbitMQ!>
Send mail to user
Received <Hello from RabbitMQ!>
Send mail to user
Received <Hello from RabbitMQ!>
Send mail to user
Received <Hello from RabbitMQ!>
Send mail to user
Received <Hello from RabbitMQ!>
Send mail to user
Received <Hello from RabbitMQ!>
Send mail to user
Received <Hello from RabbitMQ!>
Send mail to user
Received <Hello from RabbitMQ!>
Send mail to user
Received <Hello from RabbitMQ!>
Send mail to user
Received <Hello from RabbitMQ!>
Send mail to user
Received <Hello from RabbitMQ!>
Send mail to user
Received <Hello from RabbitMQ!>
Send mail to user
Received <Hello from RabbitMQ!>
Send mail to user
Received <Hello from RabbitMQ!>
Send mail to user
Received <Hello from RabbitMQ!>
Send mail to user
Received <Hello from RabbitMQ!>
Send mail to user
Received <Hello from RabbitMQ!>
Send mail to user
Received <Hello from RabbitMQ!>
Send mail to user
Received <Hello from RabbitMQ!>
Send mail to user
Received <Hello from RabbitMQ!>
Send mail to user
Received <Hello from RabbitMQ!>
Send mail to user
Received <Hello from RabbitMQ!>
Send mail to user
Received <Hello from RabbitMQ!>
Send mail to user
Received <Hello from RabbitMQ!>
Send mail to user
Received <Hello from RabbitMQ!>
Send mail to user
Received <Hello from RabbitMQ!>
Send mail to user
Received <Hello from RabbitMQ!>
Send mail to user
Received <Hello from RabbitMQ!>
Send mail to user
Received <Hello from RabbitMQ!>
Send mail to user
Received <Hello from RabbitMQ!>
Send mail to user
Received <Hello from RabbitMQ!>
Send mail to user
Received <Hello from RabbitMQ!>
Send mail to user
Received <Hello from RabbitMQ!>
Send mail to user
Received <Hello from RabbitMQ!>
Send mail to user
Received <Hello from RabbitMQ!>
Send mail to user
Received <Hello from RabbitMQ!>
Send mail to user
Received <Hello from RabbitMQ!>
Send mail to user
Received <Hello from RabbitMQ!>
Send mail to user
Received <Hello from RabbitMQ!>
Send mail to user
Received <Hello from RabbitMQ!>
Send mail to user
Received <Hello from RabbitMQ!>
Send mail to user
Received <Hello from RabbitMQ!>
Send mail to user
Received <Hello from RabbitMQ!>
Send mail to user
Received <Hello from RabbitMQ!>
Send mail to user
Received <Hello from RabbitMQ!>
Send mail to user
Received <Hello from RabbitMQ!>
Send mail to user
Received <Hello from RabbitMQ!>
Send mail to user
Received <Hello from RabbitMQ!>
Send mail to user
Received <Hello from RabbitMQ!>
Send mail to user
Received <Hello from RabbitMQ!>
Send mail to user
Received <Hello from RabbitMQ!>
Send mail to user
Received <Hello from RabbitMQ!>
Send mail to user
Received <Hello from RabbitMQ!>
Send mail to user
Received <Hello from RabbitMQ!>
Send mail to user
Received <Hello from RabbitMQ!>
Send mail to user
Received <Hello from RabbitMQ!>
Send mail to user
Received <Hello from RabbitMQ!>
Send mail to user
Received <Hello from RabbitMQ!>
Send mail to user
Received <Hello from RabbitMQ!>
Send mail to user
Received <Hello from RabbitMQ!>
Send mail to user
Received <Hello from RabbitMQ!>
Send mail to user
Received <Hello from RabbitMQ!>
Send mail to user
Received <Hello from RabbitMQ!>
Send mail to user
Received <Hello from RabbitMQ!>
Send mail to user
Received <Hello from RabbitMQ!>
Send mail to user
Received <Hello from RabbitMQ!>
Send mail to user
Received <Hello from RabbitMQ!>
Send mail to user
Received <Hello from RabbitMQ!>
Send mail to user
Received <Hello from RabbitMQ!>
Send mail to user
Received <Hello from RabbitMQ!>
Send mail to user
Received <Hello from RabbitMQ!>
Send mail to user
Received <Hello from RabbitMQ!>
Send mail to user
Received <Hello from RabbitMQ!>
Send mail to user
Received <Hello from RabbitMQ!>
Send mail to user
Received <Hello from RabbitMQ!>
Send mail to user
Received <Hello from RabbitMQ!>
Send mail to user
Received <Hello from RabbitMQ!>
Send mail to user
Received <Hello from RabbitMQ!>
Send mail to user
Received <Hello from RabbitMQ!>
Send mail to user
Received <Hello from RabbitMQ!>
Send mail to user
Received <Hello from RabbitMQ!>
Send mail to user
Received <Hello from RabbitMQ!>
Send mail to user
Received <Hello from RabbitMQ!>
Send mail to user
Received <Hello from RabbitMQ!>
Send mail to user
Received <Hello from RabbitMQ!>
Send mail to user
Received <Hello from RabbitMQ!>
Send mail to user
Received <Hello from RabbitMQ!>
Send mail to user
Received <Hello from RabbitMQ!>
Send mail to user
Received <Hello from RabbitMQ!>
Send mail to user
Received <Hello from RabbitMQ!>
Send mail to user
Received <Hello from RabbitMQ!>
Send mail to user
Received <Hello from RabbitMQ!>
Send mail to user
Received <Hello from RabbitMQ!>
Send mail to user
Received <Hello from RabbitMQ!>
Send mail to user
Received <Hello from RabbitMQ!>
Send mail to user
Received <Hello from RabbitMQ!>
Send mail to user
Received <Hello from RabbitMQ!>
Send mail to user
Received <Hello from RabbitMQ!>
Send mail to user
Received <Hello from RabbitMQ!>
Send mail to user
Received <Hello from RabbitMQ!>
Send mail to user
Received <Hello from RabbitMQ!>
Send mail to user
Received <Hello from RabbitMQ!>
Send mail to user
Received <Hello from RabbitMQ!>
Send mail to user
Received <Hello from RabbitMQ!>
Send mail to user
Received <Hello from RabbitMQ!>
Send mail to user
Received <Hello from RabbitMQ!>
Send mail to user
Received <Hello from RabbitMQ!>
Send mail to user
Received <Hello from RabbitMQ!>
Send mail to user
Received <Hello from RabbitMQ!>
Send mail to user
Received <Hello from RabbitMQ!>
Send mail to user
Received <Hello from RabbitMQ!>
Send mail to user
Received <Hello from RabbitMQ!>
Send mail to user
Received <Hello from RabbitMQ!>
Send mail to user
Received <Hello from RabbitMQ!>
Send mail to user
Received <Hello from RabbitMQ!>
Send mail to user
Received <Hello from RabbitMQ!>
Send mail to user
Received <Hello from RabbitMQ!>
Send mail to user
Received <Hello from RabbitMQ!>
Send mail to user
Received <Hello from RabbitMQ!>
Send mail to user
Received <Hello from RabbitMQ!>
Send mail to user
Received <Hello from RabbitMQ!>
Send mail to user
Received <Hello from RabbitMQ!>
Send mail to user
Received <Hello from RabbitMQ!>
Send mail to user
Received <Hello from RabbitMQ!>
Send mail to user
Received <Hello from RabbitMQ!>
Send mail to user
Received <Hello from RabbitMQ!>
Send mail to user
Received <Hello from RabbitMQ!>
Send mail to user
Received <Hello from RabbitMQ!>
Send mail to user
Received <Hello from RabbitMQ!>
Send mail to user
Received <Hello from RabbitMQ!>
Send mail to user
Received <Hello from RabbitMQ!>
Send mail to user
Received <Hello from RabbitMQ!>
Send mail to user
Received <Hello from RabbitMQ!>
Send mail to user
Received <Hello from RabbitMQ!>
Send mail to user
Received <Hello from RabbitMQ!>
Send mail to user
Received <Hello from RabbitMQ!>
Send mail to user
Received <Hello from RabbitMQ!>
Send mail to user
Received <Hello from RabbitMQ!>
Send mail to user
Received <Hello from RabbitMQ!>
Send mail to user
Received <Hello from RabbitMQ!>
Send mail to user
Received <Hello from RabbitMQ!>
Send mail to user
Received <Hello from RabbitMQ!>
Send mail to user
Received <Hello from RabbitMQ!>
Send mail to user
Received <Hello from RabbitMQ!>
Send mail to user
Received <Hello from RabbitMQ!>
Send mail to user
Received <Hello from RabbitMQ!>
Send mail to user
Received <Hello from RabbitMQ!>
Send mail to user
Received <Hello from RabbitMQ!>
Send mail to user
Received <Hello from RabbitMQ!>
Send mail to user
Received <Hello from RabbitMQ!>
Send mail to user
Received <Hello from RabbitMQ!>
Send mail to user
Received <Hello from RabbitMQ!>
Send mail to user
Received <Hello from RabbitMQ!>
Send mail to user
Received <Hello from RabbitMQ!>
Send mail to user
Received <Hello from RabbitMQ!>
Send mail to user
Received <Hello from RabbitMQ!>
Send mail to user
Received <Hello from RabbitMQ!>
Send mail to user
Received <Hello from RabbitMQ!>
Send mail to user
Received <Hello from RabbitMQ!>
Send mail to user
Received <Hello from RabbitMQ!>
Send mail to user
Received <Hello from RabbitMQ!>
Send mail to user
Received <Hello from RabbitMQ!>
Send mail to user
Received <Hello from RabbitMQ!>
Send mail to user
Received <Hello from RabbitMQ!>
Send mail to user
Received <Hello from RabbitMQ!>
Send mail to user
Received <Hello from RabbitMQ!>
Send mail to user
Received <Hello from RabbitMQ!>
Send mail to user
Received <Hello from RabbitMQ!>
Send mail to user
Received <Hello from RabbitMQ!>
Send mail to user
Received <Hello from RabbitMQ!>
Send mail to user
Received <Hello from RabbitMQ!>
Send mail to user
Received <Hello from RabbitMQ!>
Send mail to user
Received <Hello from RabbitMQ!>
Send mail to user
Received <Hello from RabbitMQ!>
Send mail to user
Received <Hello from RabbitMQ!>
Send mail to user
Received <Hello from RabbitMQ!>
Send mail to user
Received <Hello from RabbitMQ!>
Send mail to user
Received <Hello from RabbitMQ!>
Send mail to user
Received <Hello from RabbitMQ!>
Send mail to user
Received <Hello from RabbitMQ!>
Send mail to user
Received <Hello from RabbitMQ!>
Send mail to user
Received <Hello from RabbitMQ!>
Send mail to user
Received <Hello from RabbitMQ!>
Send mail to user
Received <Hello from RabbitMQ!>
Send mail to user
Received <Hello from RabbitMQ!>
Send mail to user
Received <Hello from RabbitMQ!>
Send mail to user
Received <Hello from RabbitMQ!>
Send mail to user
Received <Hello from RabbitMQ!>
Send mail to user
Received <Hello from RabbitMQ!>
Send mail to user
Received <Hello from RabbitMQ!>
Send mail to user
Received <Hello from RabbitMQ!>
Send mail to user
Received <Hello from RabbitMQ!>
Send mail to user
Received <Hello from RabbitMQ!>
Send mail to user
Received <Hello from RabbitMQ!>
Send mail to user
Received <Hello from RabbitMQ!>
Send mail to user
Received <Hello from RabbitMQ!>
Send mail to user
Received <Hello from RabbitMQ!>
Send mail to user
Received <Hello from RabbitMQ!>
Send mail to user
Received <Hello from RabbitMQ!>
Send mail to user
Received <Hello from RabbitMQ!>
Send mail to user
Received <Hello from RabbitMQ!>
Send mail to user
Received <Hello from RabbitMQ!>
Send mail to user
Received <Hello from RabbitMQ!>
Send mail to user
Received <Hello from RabbitMQ!>
Send mail to user
Received <Hello from RabbitMQ!>
Send mail to user
Received <Hello from RabbitMQ!>
Send mail to user
Received <Hello from RabbitMQ!>
Send mail to user
Received <Hello from RabbitMQ!>
Send mail to user
Received <Hello from RabbitMQ!>
Send mail to user
Received <Hello from RabbitMQ!>
Send mail to user
Received <Hello from RabbitMQ!>
Send mail to user
Received <Hello from RabbitMQ!>
Send mail to user
Received <Hello from RabbitMQ!>
Send mail to user
Received <Hello from RabbitMQ!>
Send mail to user
Received <Hello from RabbitMQ!>
Send mail to user
Received <Hello from RabbitMQ!>
Send mail to user
Received <Hello from RabbitMQ!>
Send mail to user
Received <Hello from RabbitMQ!>
Send mail to user
Received <Hello from RabbitMQ!>
Send mail to user
Received <Hello from RabbitMQ!>
Send mail to user
Received <Hello from RabbitMQ!>
Send mail to user
Received <Hello from RabbitMQ!>
Send mail to user
Received <Hello from RabbitMQ!>
Send mail to user
Received <Hello from RabbitMQ!>
Send mail to user
Received <Hello from RabbitMQ!>
Send mail to user
Received <Hello from RabbitMQ!>
Send mail to user
Received <Hello from RabbitMQ!>
Send mail to user
Received <Hello from RabbitMQ!>
Send mail to user
Received <Hello from RabbitMQ!>
Send mail to user
Received <Hello from RabbitMQ!>
Send mail to user
Received <Hello from RabbitMQ!>
Send mail to user
Received <Hello from RabbitMQ!>
Send mail to user
Received <Hello from RabbitMQ!>
Send mail to user
Received <Hello from RabbitMQ!>
Send mail to user
Received <Hello from RabbitMQ!>
Send mail to user
Received <Hello from RabbitMQ!>
Send mail to user
Received <Hello from RabbitMQ!>
Send mail to user
Received <Hello from RabbitMQ!>
Send mail to user
Received <Hello from RabbitMQ!>
Send mail to user
Received <Hello from RabbitMQ!>
Send mail to user
Received <Hello from RabbitMQ!>
Send mail to user
Received <Hello from RabbitMQ!>
Send mail to user
Received <Hello from RabbitMQ!>
Send mail to user
Received <Hello from RabbitMQ!>
Send mail to user
Received <Hello from RabbitMQ!>
Send mail to user
Received <Hello from RabbitMQ!>
Send mail to user
Received <Hello from RabbitMQ!>
Send mail to user
Received <Hello from RabbitMQ!>
Send mail to user
Received <Hello from RabbitMQ!>
Send mail to user
Received <Hello from RabbitMQ!>
Send mail to user
Received <Hello from RabbitMQ!>
Send mail to user
Received <Hello from RabbitMQ!>
Send mail to user
Received <Hello from RabbitMQ!>
Send mail to user
Received <Hello from RabbitMQ!>
Send mail to user
Received <Hello from RabbitMQ!>
Send mail to user
Received <Hello from RabbitMQ!>
Send mail to user
Received <Hello from RabbitMQ!>
Send mail to user
Received <Hello from RabbitMQ!>
Send mail to user
Received <Hello from RabbitMQ!>
Send mail to user
Received <Hello from RabbitMQ!>
Send mail to user
Received <Hello from RabbitMQ!>
Send mail to user
Received <Hello from RabbitMQ!>
Send mail to user
Received <Hello from RabbitMQ!>
Send mail to user
Received <Hello from RabbitMQ!>
Send mail to user
Received <Hello from RabbitMQ!>
Send mail to user
Received <Hello from RabbitMQ!>
Send mail to user
Received <Hello from RabbitMQ!>
Send mail to user
Received <Hello from RabbitMQ!>
Send mail to user
Received <Hello from RabbitMQ!>
Send mail to user
Received <Hello from RabbitMQ!>
Send mail to user
Received <Hello from RabbitMQ!>
Send mail to user
Received <Hello from RabbitMQ!>
Send mail to user
Received <Hello from RabbitMQ!>
Send mail to user
Received <Hello from RabbitMQ!>
Send mail to user
Received <Hello from RabbitMQ!>
Send mail to user
Received <Hello from RabbitMQ!>
Send mail to user
Received <Hello from RabbitMQ!>
Send mail to user
Received <Hello from RabbitMQ!>
Send mail to user
Received <Hello from RabbitMQ!>
Send mail to user
Received <Hello from RabbitMQ!>
Send mail to user
Received <Hello from RabbitMQ!>
Send mail to user
Received <Hello from RabbitMQ!>
Send mail to user
Received <Hello from RabbitMQ!>
Send mail to user
Received <Hello from RabbitMQ!>
Send mail to user
Received <Hello from RabbitMQ!>
Send mail to user
Received <Hello from RabbitMQ!>
Send mail to user
Received <Hello from RabbitMQ!>
Send mail to user
Received <Hello from RabbitMQ!>
Send mail to user
Received <Hello from RabbitMQ!>
Send mail to user
Received <Hello from RabbitMQ!>
Send mail to user
Received <Hello from RabbitMQ!>
Send mail to user
Received <Hello from RabbitMQ!>
Send mail to user
Received <Hello from RabbitMQ!>
Send mail to user
Received <Hello from RabbitMQ!>
Send mail to user
Received <Hello from RabbitMQ!>
Send mail to user
Received <Hello from RabbitMQ!>
Send mail to user
Received <Hello from RabbitMQ!>
Send mail to user
Received <Hello from RabbitMQ!>
Send mail to user
Received <Hello from RabbitMQ!>
Send mail to user
Received <Hello from RabbitMQ!>
Send mail to user
Received <Hello from RabbitMQ!>
Send mail to user
Received <Hello from RabbitMQ!>
Send mail to user
Received <Hello from RabbitMQ!>
Send mail to user
Received <Hello from RabbitMQ!>
Send mail to user
Received <Hello from RabbitMQ!>
Send mail to user
Received <Hello from RabbitMQ!>
Send mail to user
Received <Hello from RabbitMQ!>
Send mail to user
Received <Hello from RabbitMQ!>
Send mail to user
Received <Hello from RabbitMQ!>
Send mail to user
Received <Hello from RabbitMQ!>
Send mail to user
Received <Hello from RabbitMQ!>
Send mail to user
Received <Hello from RabbitMQ!>
Send mail to user
Received <Hello from RabbitMQ!>
Send mail to user
Received <Hello from RabbitMQ!>
Send mail to user
Received <Hello from RabbitMQ!>
Send mail to user
Received <Hello from RabbitMQ!>
Send mail to user
Received <Hello from RabbitMQ!>
Send mail to user
Received <Hello from RabbitMQ!>
Send mail to user
Received <Hello from RabbitMQ!>
Send mail to user
Received <Hello from RabbitMQ!>
Send mail to user
Received <Hello from RabbitMQ!>
Send mail to user
Received <Hello from RabbitMQ!>
Send mail to user
Received <Hello from RabbitMQ!>
Send mail to user
Received <Hello from RabbitMQ!>
Send mail to user
Received <Hello from RabbitMQ!>
Send mail to user
Received <Hello from RabbitMQ!>
Send mail to user
Received <Hello from RabbitMQ!>
Send mail to user
Received <Hello from RabbitMQ!>
Send mail to user
Received <Hello from RabbitMQ!>
Send mail to user
Received <Hello from RabbitMQ!>
Send mail to user
Received <Hello from RabbitMQ!>
Send mail to user
Received <Hello from RabbitMQ!>
Send mail to user
Received <Hello from RabbitMQ!>
Send mail to user
Received <Hello from RabbitMQ!>
Send mail to user
Received <Hello from RabbitMQ!>
Send mail to user
Received <Hello from RabbitMQ!>
Send mail to user
Received <Hello from RabbitMQ!>
Send mail to user
Received <Hello from RabbitMQ!>
Send mail to user
Received <Hello from RabbitMQ!>
Send mail to user
Received <Hello from RabbitMQ!>
Send mail to user
Received <Hello from RabbitMQ!>
Send mail to user
Received <Hello from RabbitMQ!>
Send mail to user
Received <Hello from RabbitMQ!>
Send mail to user
Received <Hello from RabbitMQ!>
Send mail to user
Received <Hello from RabbitMQ!>
Send mail to user
Received <Hello from RabbitMQ!>
Send mail to user
Received <Hello from RabbitMQ!>
Send mail to user
Received <Hello from RabbitMQ!>
Send mail to user
Received <Hello from RabbitMQ!>
Send mail to user
Received <Hello from RabbitMQ!>
Send mail to user
Received <Hello from RabbitMQ!>
Send mail to user
Received <Hello from RabbitMQ!>
Send mail to user
Received <Hello from RabbitMQ!>
Send mail to user
Received <Hello from RabbitMQ!>
Send mail to user
Received <Hello from RabbitMQ!>
Send mail to user
Received <Hello from RabbitMQ!>
Send mail to user
Received <Hello from RabbitMQ!>
Send mail to user
Received <Hello from RabbitMQ!>
Send mail to user
Received <Hello from RabbitMQ!>
Send mail to user
Received <Hello from RabbitMQ!>
Send mail to user
Received <Hello from RabbitMQ!>
Send mail to user
Received <Hello from RabbitMQ!>
Send mail to user
Received <Hello from RabbitMQ!>
Send mail to user
Received <Hello from RabbitMQ!>
Send mail to user
Received <Hello from RabbitMQ!>
Send mail to user
Received <Hello from RabbitMQ!>
Send mail to user
Received <Hello from RabbitMQ!>
Send mail to user
Received <Hello from RabbitMQ!>
Send mail to user
Received <Hello from RabbitMQ!>
Send mail to user
Received <Hello from RabbitMQ!>
Send mail to user
Received <Hello from RabbitMQ!>
Send mail to user
Received <Hello from RabbitMQ!>
Send mail to user
Received <Hello from RabbitMQ!>
Send mail to user
Received <Hello from RabbitMQ!>
Send mail to user
Received <Hello from RabbitMQ!>
Send mail to user
Received <Hello from RabbitMQ!>
Send mail to user
Received <Hello from RabbitMQ!>
Send mail to user
Received <Hello from RabbitMQ!>
Send mail to user
Received <Hello from RabbitMQ!>
Send mail to user
Received <Hello from RabbitMQ!>
Send mail to user
Received <Hello from RabbitMQ!>
Send mail to user
Received <Hello from RabbitMQ!>
Send mail to user
Received <Hello from RabbitMQ!>
Send mail to user
Received <Hello from RabbitMQ!>
Send mail to user
Received <Hello from RabbitMQ!>
Send mail to user
Received <Hello from RabbitMQ!>
Send mail to user
Received <Hello from RabbitMQ!>
Send mail to user
Received <Hello from RabbitMQ!>
Send mail to user
Received <Hello from RabbitMQ!>
Send mail to user
Received <Hello from RabbitMQ!>
Send mail to user
Received <Hello from RabbitMQ!>
Send mail to user
Received <Hello from RabbitMQ!>
Send mail to user
Received <Hello from RabbitMQ!>
Send mail to user
Received <Hello from RabbitMQ!>
Send mail to user
Received <Hello from RabbitMQ!>
Send mail to user
Received <Hello from RabbitMQ!>
Send mail to user
Received <Hello from RabbitMQ!>
Send mail to user
Received <Hello from RabbitMQ!>
Send mail to user
Received <Hello from RabbitMQ!>
Send mail to user
Received <Hello from RabbitMQ!>
Send mail to user
Received <Hello from RabbitMQ!>
Send mail to user
Received <Hello from RabbitMQ!>
Send mail to user
Received <Hello from RabbitMQ!>
Send mail to user
Received <Hello from RabbitMQ!>
Send mail to user
Received <Hello from RabbitMQ!>
Send mail to user
Received <Hello from RabbitMQ!>
Send mail to user
Received <Hello from RabbitMQ!>
Send mail to user
Received <Hello from RabbitMQ!>
Send mail to user
Received <Hello from RabbitMQ!>
Send mail to user
Received <Hello from RabbitMQ!>
Send mail to user
Received <Hello from RabbitMQ!>
Send mail to user
Received <Hello from RabbitMQ!>
Send mail to user
Received <Hello from RabbitMQ!>
Send mail to user
Received <Hello from RabbitMQ!>
Send mail to user
Received <Hello from RabbitMQ!>
Send mail to user
Received <Hello from RabbitMQ!>
Send mail to user
Received <Hello from RabbitMQ!>
Send mail to user
Received <Hello from RabbitMQ!>
Send mail to user
Received <Hello from RabbitMQ!>
Send mail to user
Received <Hello from RabbitMQ!>
Send mail to user
Received <Hello from RabbitMQ!>
Send mail to user
Received <Hello from RabbitMQ!>
Send mail to user
Received <Hello from RabbitMQ!>
Send mail to user
Received <Hello from RabbitMQ!>
Send mail to user
Received <Hello from RabbitMQ!>
Send mail to user
Received <Hello from RabbitMQ!>
Send mail to user
Received <Hello from RabbitMQ!>
Send mail to user
Received <Hello from RabbitMQ!>
Send mail to user
Received <Hello from RabbitMQ!>
Send mail to user
Received <Hello from RabbitMQ!>
Send mail to user
Received <Hello from RabbitMQ!>
Send mail to user
Received <Hello from RabbitMQ!>
Send mail to user
Received <Hello from RabbitMQ!>
Send mail to user
Received <Hello from RabbitMQ!>
Send mail to user
Received <Hello from RabbitMQ!>
Send mail to user
Received <Hello from RabbitMQ!>
Send mail to user
Received <Hello from RabbitMQ!>
Send mail to user
Received <Hello from RabbitMQ!>
Send mail to user
Received <Hello from RabbitMQ!>
Send mail to user
Received <Hello from RabbitMQ!>
Send mail to user
Received <Hello from RabbitMQ!>
Send mail to user
Received <Hello from RabbitMQ!>
Send mail to user
Received <Hello from RabbitMQ!>
Send mail to user
Received <Hello from RabbitMQ!>
Send mail to user
Received <Hello from RabbitMQ!>
Send mail to user
Received <Hello from RabbitMQ!>
Send mail to user
Received <Hello from RabbitMQ!>
Send mail to user
Received <Hello from RabbitMQ!>
Send mail to user
Received <Hello from RabbitMQ!>
Send mail to user
Received <Hello from RabbitMQ!>
Send mail to user
Received <Hello from RabbitMQ!>
Send mail to user
Received <Hello from RabbitMQ!>
Send mail to user
Received <Hello from RabbitMQ!>
Send mail to user
Received <Hello from RabbitMQ!>
Send mail to user
Received <Hello from RabbitMQ!>
Send mail to user
Received <Hello from RabbitMQ!>
Send mail to user
Received <Hello from RabbitMQ!>
Send mail to user
Received <Hello from RabbitMQ!>
Send mail to user
Received <Hello from RabbitMQ!>
Send mail to user
Received <Hello from RabbitMQ!>
Send mail to user
Received <Hello from RabbitMQ!>
Send mail to user
Received <Hello from RabbitMQ!>
Send mail to user
Received <Hello from RabbitMQ!>
Send mail to user
Received <Hello from RabbitMQ!>
Send mail to user
Received <Hello from RabbitMQ!>
Send mail to user
Received <Hello from RabbitMQ!>
Send mail to user
[...]
Send mail to user
Received <Hello from RabbitMQ!>
Send mail to user
Received <Hello from RabbitMQ!>
Send mail to user
Received <Hello from RabbitMQ!>
Send mail to user
Received <Hello from RabbitMQ!>
Send mail to user
Received <Hello from RabbitMQ!>
Send mail to user
Received <Hello from RabbitMQ!>
Send mail to user
Received <Hello from RabbitMQ!>
Send mail to user
Received <Hello from RabbitMQ!>
Send mail to user
Received <Hello from RabbitMQ!>
Send mail to user
Received <Hello from RabbitMQ!>
Send mail to user
Received <Hello from RabbitMQ!>
Send mail to user
Received <Hello from RabbitMQ!>
Send mail to user
Received <Hello from RabbitMQ!>
Send mail to user
Received <Hello from RabbitMQ!>
Send mail to user
Received <Hello from RabbitMQ!>
Send mail to user
Received <Hello from RabbitMQ!>
Send mail to user
Received <Hello from RabbitMQ!>
Send mail to user
Received <Hello from RabbitMQ!>
Send mail to user
Received <Hello from RabbitMQ!>
Send mail to user
Received <Hello from RabbitMQ!>
Send mail to user
Received <Hello from RabbitMQ!>
Send mail to user
Received <Hello from RabbitMQ!>
Send mail to user
Received <Hello from RabbitMQ!>
Send mail to user
Received <Hello from RabbitMQ!>
Send mail to user
Received <Hello from RabbitMQ!>
Send mail to user
Received <Hello from RabbitMQ!>
Send mail to user
Received <Hello from RabbitMQ!>
Send mail to user
Received <Hello from RabbitMQ!>
Send mail to user
Received <Hello from RabbitMQ!>
Send mail to user
Received <Hello from RabbitMQ!>
Send mail to user
Received <Hello from RabbitMQ!>
Send mail to user
Received <Hello from RabbitMQ!>
Send mail to user
Received <Hello from RabbitMQ!>
Send mail to user
Received <Hello from RabbitMQ!>
Send mail to user
Received <Hello from RabbitMQ!>
Send mail to user
Received <Hello from RabbitMQ!>
Send mail to user
Received <Hello from RabbitMQ!>
Send mail to user
Received <Hello from RabbitMQ!>
Send mail to user
Received <Hello from RabbitMQ!>
Send mail to user
Received <Hello from RabbitMQ!>
Send mail to user
Received <Hello from RabbitMQ!>
Send mail to user
Received <Hello from RabbitMQ!>
Send mail to user
Received <Hello from RabbitMQ!>
Send mail to user
Received <Hello from RabbitMQ!>
Send mail to user
Received <Hello from RabbitMQ!>
Send mail to user
Received <Hello from RabbitMQ!>
Send mail to user
Received <Hello from RabbitMQ!>
Send mail to user
Received <Hello from RabbitMQ!>
Send mail to user
Received <Hello from RabbitMQ!>
Send mail to user
Received <Hello from RabbitMQ!>
Send mail to user
Received <Hello from RabbitMQ!>
Send mail to user
Received <Hello from RabbitMQ!>
Send mail to user
Received <Hello from RabbitMQ!>
Send mail to user
Received <Hello from RabbitMQ!>
Send mail to user
Received <Hello from RabbitMQ!>
Send mail to user
Received <Hello from RabbitMQ!>
Send mail to user
Received <Hello from RabbitMQ!>
Send mail to user
Received <Hello from RabbitMQ!>
Send mail to user
Received <Hello from RabbitMQ!>
Send mail to user
Received <Hello from RabbitMQ!>
Send mail to user
Received <Hello from RabbitMQ!>
Send mail to user
Received <Hello from RabbitMQ!>
Send mail to user
Received <Hello from RabbitMQ!>
Send mail to user
Received <Hello from RabbitMQ!>
Send mail to user
Received <Hello from RabbitMQ!>
Send mail to user
Received <Hello from RabbitMQ!>
Send mail to user
Received <Hello from RabbitMQ!>
Send mail to user
Received <Hello from RabbitMQ!>
Send mail to user
Received <Hello from RabbitMQ!>
Send mail to user
Received <Hello from RabbitMQ!>
Send mail to user
Received <Hello from RabbitMQ!>
Send mail to user
Received <Hello from RabbitMQ!>
Send mail to user
Received <Hello from RabbitMQ!>
Send mail to user
Received <Hello from RabbitMQ!>
Send mail to user
Received <Hello from RabbitMQ!>
Send mail to user
Received <Hello from RabbitMQ!>
Send mail to user
Received <Hello from RabbitMQ!>
Send mail to user
Received <Hello from RabbitMQ!>
Send mail to user
Received <Hello from RabbitMQ!>
Send mail to user
Received <Hello from RabbitMQ!>
Send mail to user
Received <Hello from RabbitMQ!>
Send mail to user
Received <Hello from RabbitMQ!>
Send mail to user
Received <Hello from RabbitMQ!>
Send mail to user
Received <Hello from RabbitMQ!>
Send mail to user
Received <Hello from RabbitMQ!>
Send mail to user
Received <Hello from RabbitMQ!>
Send mail to user
Received <Hello from RabbitMQ!>
Send mail to user
Received <Hello from RabbitMQ!>
Send mail to user
Received <Hello from RabbitMQ!>
Send mail to user
Received <Hello from RabbitMQ!>
Send mail to user
Received <Hello from RabbitMQ!>
Send mail to user
Received <Hello from RabbitMQ!>
Send mail to user
Received <Hello from RabbitMQ!>
Send mail to user
Received <Hello from RabbitMQ!>
Send mail to user
Received <Hello from RabbitMQ!>
Send mail to user
Received <Hello from RabbitMQ!>
Send mail to user
Received <Hello from RabbitMQ!>
Send mail to user
Received <Hello from RabbitMQ!>
Send mail to user
Received <Hello from RabbitMQ!>
Send mail to user
Received <Hello from RabbitMQ!>
Send mail to user
Received <Hello from RabbitMQ!>
Send mail to user
Received <Hello from RabbitMQ!>
Send mail to user
Received <Hello from RabbitMQ!>
Send mail to user
Received <Hello from RabbitMQ!>
Send mail to user
Received <Hello from RabbitMQ!>
Send mail to user
Received <Hello from RabbitMQ!>
Send mail to user
Received <Hello from RabbitMQ!>
Send mail to user
Received <Hello from RabbitMQ!>
Send mail to user
Received <Hello from RabbitMQ!>
Send mail to user
Received <Hello from RabbitMQ!>
Send mail to user
Received <Hello from RabbitMQ!>
Send mail to user
Received <Hello from RabbitMQ!>
Send mail to user
Received <Hello from RabbitMQ!>
Send mail to user
Received <Hello from RabbitMQ!>
Send mail to user
Received <Hello from RabbitMQ!>
Send mail to user
Received <Hello from RabbitMQ!>
Send mail to user
Received <Hello from RabbitMQ!>
Send mail to user
Received <Hello from RabbitMQ!>
Send mail to user
Received <Hello from RabbitMQ!>
Send mail to user
Received <Hello from RabbitMQ!>
Send mail to user
Received <Hello from RabbitMQ!>
Send mail to user
Received <Hello from RabbitMQ!>
Send mail to user
Received <Hello from RabbitMQ!>
Send mail to user
Received <Hello from RabbitMQ!>
Send mail to user
Received <Hello from RabbitMQ!>
Send mail to user
Received <Hello from RabbitMQ!>
Send mail to user
Received <Hello from RabbitMQ!>
Send mail to user
Received <Hello from RabbitMQ!>
Send mail to user
Received <Hello from RabbitMQ!>
Send mail to user
Received <Hello from RabbitMQ!>
Send mail to user
Received <Hello from RabbitMQ!>
Send mail to user
Received <Hello from RabbitMQ!>
Send mail to user
Received <Hello from RabbitMQ!>
Send mail to user
Received <Hello from RabbitMQ!>
Send mail to user
Received <Hello from RabbitMQ!>
Send mail to user
Received <Hello from RabbitMQ!>
Send mail to user
Received <Hello from RabbitMQ!>
Send mail to user
Received <Hello from RabbitMQ!>
Send mail to user
Received <Hello from RabbitMQ!>
Send mail to user
Received <Hello from RabbitMQ!>
Send mail to user
Received <Hello from RabbitMQ!>
Send mail to user
Received <Hello from RabbitMQ!>
Send mail to user
Received <Hello from RabbitMQ!>
Send mail to user
Received <Hello from RabbitMQ!>
Send mail to user
Received <Hello from RabbitMQ!>
Send mail to user
Received <Hello from RabbitMQ!>
Send mail to user
Received <Hello from RabbitMQ!>
Send mail to user
Received <Hello from RabbitMQ!>
Send mail to user
Received <Hello from RabbitMQ!>
Send mail to user
Received <Hello from RabbitMQ!>
Send mail to user
Received <Hello from RabbitMQ!>
Send mail to user
Received <Hello from RabbitMQ!>
Send mail to user
Received <Hello from RabbitMQ!>
Send mail to user
Received <Hello from RabbitMQ!>
Send mail to user
Received <Hello from RabbitMQ!>
Send mail to user
Received <Hello from RabbitMQ!>
Send mail to user
Received <Hello from RabbitMQ!>
Send mail to user
Received <Hello from RabbitMQ!>
Send mail to user
Received <Hello from RabbitMQ!>
Send mail to user
Received <Hello from RabbitMQ!>
Send mail to user
Received <Hello from RabbitMQ!>
Send mail to user
Received <Hello from RabbitMQ!>
Send mail to user
Received <Hello from RabbitMQ!>
Send mail to user
Received <Hello from RabbitMQ!>
Send mail to user
Received <Hello from RabbitMQ!>
Send mail to user
Received <Hello from RabbitMQ!>
Send mail to user
Received <Hello from RabbitMQ!>
Send mail to user
Received <Hello from RabbitMQ!>
Send mail to user
Received <Hello from RabbitMQ!>
Send mail to user
Received <Hello from RabbitMQ!>
Send mail to user
Received <Hello from RabbitMQ!>
Send mail to user
Received <Hello from RabbitMQ!>
Send mail to user
Received <Hello from RabbitMQ!>
Send mail to user
Received <Hello from RabbitMQ!>
Send mail to user
Received <Hello from RabbitMQ!>
Send mail to user
Received <Hello from RabbitMQ!>
Send mail to user
Received <Hello from RabbitMQ!>
Send mail to user
Received <Hello from RabbitMQ!>
Send mail to user
Received <Hello from RabbitMQ!>
Send mail to user
Received <Hello from RabbitMQ!>
Send mail to user
Received <Hello from RabbitMQ!>
Send mail to user
Received <Hello from RabbitMQ!>
Send mail to user
Received <Hello from RabbitMQ!>
Send mail to user
Received <Hello from RabbitMQ!>
Send mail to user
Received <Hello from RabbitMQ!>
Send mail to user
Received <Hello from RabbitMQ!>
Send mail to user
Received <Hello from RabbitMQ!>
Send mail to user
Received <Hello from RabbitMQ!>
Send mail to user
Received <Hello from RabbitMQ!>
Send mail to user
Received <Hello from RabbitMQ!>
Send mail to user
Received <Hello from RabbitMQ!>
Send mail to user
Received <Hello from RabbitMQ!>
Send mail to user
Received <Hello from RabbitMQ!>
Send mail to user
Received <Hello from RabbitMQ!>
Send mail to user
Received <Hello from RabbitMQ!>
Send mail to user
Received <Hello from RabbitMQ!>
Send mail to user
Received <Hello from RabbitMQ!>
Send mail to user
Received <Hello from RabbitMQ!>
Send mail to user
Received <Hello from RabbitMQ!>
Send mail to user
Received <Hello from RabbitMQ!>
Send mail to user
Received <Hello from RabbitMQ!>
Send mail to user
Received <Hello from RabbitMQ!>
Send mail to user
Received <Hello from RabbitMQ!>
Send mail to user
Received <Hello from RabbitMQ!>
Send mail to user
Received <Hello from RabbitMQ!>
Send mail to user
Received <Hello from RabbitMQ!>
Send mail to user
Received <Hello from RabbitMQ!>
Send mail to user
Received <Hello from RabbitMQ!>
Send mail to user
Received <Hello from RabbitMQ!>
Send mail to user
Received <Hello from RabbitMQ!>
Send mail to user
Received <Hello from RabbitMQ!>
Send mail to user
Received <Hello from RabbitMQ!>
Send mail to user
Received <Hello from RabbitMQ!>
Send mail to user
Received <Hello from RabbitMQ!>
Send mail to user
Received <Hello from RabbitMQ!>
Send mail to user
Received <Hello from RabbitMQ!>
Send mail to user
Received <Hello from RabbitMQ!>
Send mail to user
Received <Hello from RabbitMQ!>
Send mail to user
Received <Hello from RabbitMQ!>
Send mail to user
Received <Hello from RabbitMQ!>
Send mail to user
Received <Hello from RabbitMQ!>
Send mail to user
Received <Hello from RabbitMQ!>
Send mail to user
Received <Hello from RabbitMQ!>
Send mail to user
Received <Hello from RabbitMQ!>
Send mail to user
Received <Hello from RabbitMQ!>
Send mail to user
Received <Hello from RabbitMQ!>
Send mail to user
Received <Hello from RabbitMQ!>
Send mail to user
Received <Hello from RabbitMQ!>
Send mail to user
Received <Hello from RabbitMQ!>
Send mail to user
Received <Hello from RabbitMQ!>
Send mail to user
Received <Hello from RabbitMQ!>
Send mail to user
Received <Hello from RabbitMQ!>
Send mail to user
Received <Hello from RabbitMQ!>
Send mail to user
Received <Hello from RabbitMQ!>
Send mail to user
Received <Hello from RabbitMQ!>
Send mail to user
Received <Hello from RabbitMQ!>
Send mail to user
Received <Hello from RabbitMQ!>
Send mail to user
Received <Hello from RabbitMQ!>
Send mail to user
Received <Hello from RabbitMQ!>
Send mail to user
Received <Hello from RabbitMQ!>
Send mail to user
Received <Hello from RabbitMQ!>
Send mail to user
Received <Hello from RabbitMQ!>
Send mail to user
Received <Hello from RabbitMQ!>
Send mail to user
Received <Hello from RabbitMQ!>
Send mail to user
Received <Hello from RabbitMQ!>
Send mail to user
Received <Hello from RabbitMQ!>
Send mail to user
Received <Hello from RabbitMQ!>
Send mail to user
Received <Hello from RabbitMQ!>
Send mail to user
Received <Hello from RabbitMQ!>
Send mail to user
Received <Hello from RabbitMQ!>
Send mail to user
Received <Hello from RabbitMQ!>
Send mail to user
Received <Hello from RabbitMQ!>
Send mail to user
Received <Hello from RabbitMQ!>
Send mail to user
Received <Hello from RabbitMQ!>
Send mail to user
Received <Hello from RabbitMQ!>
Send mail to user
Received <Hello from RabbitMQ!>
Send mail to user
Received <Hello from RabbitMQ!>
Send mail to user
Received <Hello from RabbitMQ!>
Send mail to user
Received <Hello from RabbitMQ!>
Send mail to user
Received <Hello from RabbitMQ!>
Send mail to user
Received <Hello from RabbitMQ!>
Send mail to user
Received <Hello from RabbitMQ!>
Send mail to user
Received <Hello from RabbitMQ!>
Send mail to user
Received <Hello from RabbitMQ!>
Send mail to user
Received <Hello from RabbitMQ!>
Send mail to user
Received <Hello from RabbitMQ!>
Send mail to user
Received <Hello from RabbitMQ!>
Send mail to user
Received <Hello from RabbitMQ!>
Send mail to user
Received <Hello from RabbitMQ!>
Send mail to user
Received <Hello from RabbitMQ!>
Send mail to user
Received <Hello from RabbitMQ!>
Send mail to user
Received <Hello from RabbitMQ!>
Send mail to user
Received <Hello from RabbitMQ!>
Send mail to user
Received <Hello from RabbitMQ!>
Send mail to user
Received <Hello from RabbitMQ!>
Send mail to user
Received <Hello from RabbitMQ!>
Send mail to user
Received <Hello from RabbitMQ!>
Send mail to user
Received <Hello from RabbitMQ!>
Send mail to user
Received <Hello from RabbitMQ!>
Send mail to user
Received <Hello from RabbitMQ!>
Send mail to user
Received <Hello from RabbitMQ!>
Send mail to user
Received <Hello from RabbitMQ!>
Send mail to user
Received <Hello from RabbitMQ!>
Send mail to user
Received <Hello from RabbitMQ!>
Send mail to user
Received <Hello from RabbitMQ!>
Send mail to user
Received <Hello from RabbitMQ!>
Send mail to user
Received <Hello from RabbitMQ!>
Send mail to user
Received <Hello from RabbitMQ!>
Send mail to user
Received <Hello from RabbitMQ!>
Send mail to user
Received <Hello from RabbitMQ!>
Send mail to user
Received <Hello from RabbitMQ!>
Send mail to user
Received <Hello from RabbitMQ!>
Send mail to user
Received <Hello from RabbitMQ!>
Send mail to user
Received <Hello from RabbitMQ!>
Send mail to user
Received <Hello from RabbitMQ!>
Send mail to user
Received <Hello from RabbitMQ!>
Send mail to user
Received <Hello from RabbitMQ!>
Send mail to user
Received <Hello from RabbitMQ!>
Send mail to user
Received <Hello from RabbitMQ!>
Send mail to user
Received <Hello from RabbitMQ!>
Send mail to user
Received <Hello from RabbitMQ!>
Send mail to user
Received <Hello from RabbitMQ!>
Send mail to user
Received <Hello from RabbitMQ!>
Send mail to user
Received <Hello from RabbitMQ!>
Send mail to user
Received <Hello from RabbitMQ!>
Send mail to user
Received <Hello from RabbitMQ!>
Send mail to user
Received <Hello from RabbitMQ!>
Send mail to user
Received <Hello from RabbitMQ!>
Send mail to user
Received <Hello from RabbitMQ!>
Send mail to user
Received <Hello from RabbitMQ!>
Send mail to user
Received <Hello from RabbitMQ!>
Send mail to user
Received <Hello from RabbitMQ!>
Send mail to user
Received <Hello from RabbitMQ!>
Send mail to user
Received <Hello from RabbitMQ!>
Send mail to user
Received <Hello from RabbitMQ!>
Send mail to user
Received <Hello from RabbitMQ!>
Send mail to user
Received <Hello from RabbitMQ!>
Send mail to user
Received <Hello from RabbitMQ!>
Send mail to user
Received <Hello from RabbitMQ!>
Send mail to user
Received <Hello from RabbitMQ!>
Send mail to user
Received <Hello from RabbitMQ!>
Send mail to user
Received <Hello from RabbitMQ!>
Send mail to user
Received <Hello from RabbitMQ!>
Send mail to user
Received <Hello from RabbitMQ!>
Send mail to user
Received <Hello from RabbitMQ!>
Send mail to user
Received <Hello from RabbitMQ!>
Send mail to user
Received <Hello from RabbitMQ!>
Send mail to user
Received <Hello from RabbitMQ!>
Send mail to user
Received <Hello from RabbitMQ!>
Send mail to user
Received <Hello from RabbitMQ!>
Send mail to user
Received <Hello from RabbitMQ!>
Send mail to user
Received <Hello from RabbitMQ!>
Send mail to user
Received <Hello from RabbitMQ!>
Send mail to user
Received <Hello from RabbitMQ!>
Send mail to user
Received <Hello from RabbitMQ!>
Send mail to user
Received <Hello from RabbitMQ!>
Send mail to user
Received <Hello from RabbitMQ!>
Send mail to user
Received <Hello from RabbitMQ!>
Send mail to user
Received <Hello from RabbitMQ!>
Send mail to user
Received <Hello from RabbitMQ!>
Send mail to user
Received <Hello from RabbitMQ!>
Send mail to user
Received <Hello from RabbitMQ!>
Send mail to user
Received <Hello from RabbitMQ!>
Send mail to user
Received <Hello from RabbitMQ!>
Send mail to user
Received <Hello from RabbitMQ!>
Send mail to user
Received <Hello from RabbitMQ!>
Send mail to user
Received <Hello from RabbitMQ!>
Send mail to user
Received <Hello from RabbitMQ!>
Send mail to user
Received <Hello from RabbitMQ!>
Send mail to user
Received <Hello from RabbitMQ!>
Send mail to user
Received <Hello from RabbitMQ!>
Send mail to user
Received <Hello from RabbitMQ!>
Send mail to user
Received <Hello from RabbitMQ!>
Send mail to user
Received <Hello from RabbitMQ!>
Send mail to user
Received <Hello from RabbitMQ!>
Send mail to user
Received <Hello from RabbitMQ!>
Send mail to user
Received <Hello from RabbitMQ!>
Send mail to user
Received <Hello from RabbitMQ!>
Send mail to user
Received <Hello from RabbitMQ!>
Send mail to user
Received <Hello from RabbitMQ!>
Send mail to user
Received <Hello from RabbitMQ!>
Send mail to user
Received <Hello from RabbitMQ!>
Send mail to user
Received <Hello from RabbitMQ!>
Send mail to user
Received <Hello from RabbitMQ!>
Send mail to user
Received <Hello from RabbitMQ!>
Send mail to user
Received <Hello from RabbitMQ!>
Send mail to user
Received <Hello from RabbitMQ!>
Send mail to user
Received <Hello from RabbitMQ!>
Send mail to user
Received <Hello from RabbitMQ!>
Send mail to user
Received <Hello from RabbitMQ!>
Send mail to user
Received <Hello from RabbitMQ!>
Send mail to user
Received <Hello from RabbitMQ!>
Send mail to user
Received <Hello from RabbitMQ!>
Send mail to user
Received <Hello from RabbitMQ!>
Send mail to user
Received <Hello from RabbitMQ!>
Send mail to user
Received <Hello from RabbitMQ!>
Send mail to user
Received <Hello from RabbitMQ!>
Send mail to user
Received <Hello from RabbitMQ!>
Send mail to user
Received <Hello from RabbitMQ!>
Send mail to user
Received <Hello from RabbitMQ!>
Send mail to user
Received <Hello from RabbitMQ!>
Send mail to user
Received <Hello from RabbitMQ!>
Send mail to user
Received <Hello from RabbitMQ!>
Send mail to user
Received <Hello from RabbitMQ!>
Send mail to user
Received <Hello from RabbitMQ!>
Send mail to user
Received <Hello from RabbitMQ!>
Send mail to user
Received <Hello from RabbitMQ!>
Send mail to user
Received <Hello from RabbitMQ!>
Send mail to user
Received <Hello from RabbitMQ!>
Send mail to user
Received <Hello from RabbitMQ!>
Send mail to user
Received <Hello from RabbitMQ!>
Send mail to user
Received <Hello from RabbitMQ!>
Send mail to user
Received <Hello from RabbitMQ!>
Send mail to user
Received <Hello from RabbitMQ!>
Send mail to user
Received <Hello from RabbitMQ!>
Send mail to user
Received <Hello from RabbitMQ!>
Send mail to user
Received <Hello from RabbitMQ!>
Send mail to user
Received <Hello from RabbitMQ!>
Send mail to user
]]></system-out>
  <system-err><![CDATA[]]></system-err>
</testsuite>
